2019-04-01 13:32:46,602 SECURITY  [AWT-EventQueue-0] - User dmitriy.suslennikov login
2019-04-01 13:38:07,744 SECURITY  [AWT-EventQueue-0] - User dmitriy.suslennikov login
2019-04-01 13:44:34,099 SECURITY  [AWT-EventQueue-0] - User dmitriy.suslennikov login
2019-04-01 13:44:41,408 INFO  [AWT-EventQueue-0] - User dmitriy.suslennikov: Load pallet. Rack1 D4 61021230234-01
2019-04-01 13:44:50,815 INFO  [AWT-EventQueue-0] - User dmitriy.suslennikov: UnLoad pallet. Rack1 A4 61021230234-01
2019-04-01 13:51:13,223 SECURITY  [AWT-EventQueue-0] - User dmitriy.suslennikov login
2019-04-01 13:52:15,945 SECURITY  [AWT-EventQueue-0] - User dmitriy.suslennikov login
2019-04-01 13:59:01,351 SECURITY  [AWT-EventQueue-0] - User dmitriy.suslennikov login
2019-04-01 14:09:18,169 SECURITY  [AWT-EventQueue-0] - User dmitriy.suslennikov login
2019-04-01 14:10:04,119 SECURITY  [AWT-EventQueue-0] - User dmitriy.suslennikov login
2019-04-01 14:10:56,451 SECURITY  [AWT-EventQueue-0] - User dmitriy.suslennikov login
2019-04-01 14:11:16,074 SECURITY  [AWT-EventQueue-0] - User dmitriy.suslennikov login
2019-04-01 14:11:39,318 SECURITY  [AWT-EventQueue-0] - User dmitriy.suslennikov login
2019-04-01 14:11:54,835 SECURITY  [AWT-EventQueue-0] - User dmitriy.suslennikov login
2019-04-01 14:43:04,975 SECURITY  [AWT-EventQueue-0] - User dmitriy.suslennikov login
2019-04-01 14:59:49,762 SECURITY  [AWT-EventQueue-0] - User dmitriy.suslennikov login
2019-04-01 15:39:04,274 SECURITY  [AWT-EventQueue-0] - User dmitriy.suslennikov login
2019-04-01 15:41:46,139 SECURITY  [AWT-EventQueue-0] - User dmitriy.suslennikov login
2019-04-01 15:44:00,203 SECURITY  [AWT-EventQueue-0] - User dmitriy.suslennikov login
2019-04-01 15:44:41,002 SECURITY  [AWT-EventQueue-0] - User dmitriy.suslennikov login
2019-04-01 15:45:12,294 SECURITY  [AWT-EventQueue-0] - User dmitriy.suslennikov login
2019-04-01 15:47:11,419 SECURITY  [AWT-EventQueue-0] - User dmitriy.suslennikov login
2019-04-01 15:49:01,042 SECURITY  [AWT-EventQueue-0] - User dmitriy.suslennikov login
2019-04-01 15:50:46,299 SECURITY  [AWT-EventQueue-0] - User dmitriy.suslennikov login
2019-04-01 15:52:01,072 SECURITY  [AWT-EventQueue-0] - User dmitriy.suslennikov login
2019-04-01 15:52:06,464 INFO  [AWT-EventQueue-0] - User dmitriy.suslennikov: Load pallet. Rack1 F4 14535322452
2019-04-01 15:52:27,366 INFO  [AWT-EventQueue-0] - User dmitriy.suslennikov: Load pallet. Rack1 C3 61021230234-03
2019-04-01 15:53:05,915 SECURITY  [AWT-EventQueue-0] - User dmitriy.suslennikov login
2019-04-01 15:53:12,650 INFO  [AWT-EventQueue-0] - User dmitriy.suslennikov: UnLoad pallet. Rack1 C4 14535322452
2019-04-01 15:53:20,168 INFO  [AWT-EventQueue-0] - User dmitriy.suslennikov: Load pallet. Rack1 C4 14535322452
2019-04-01 16:16:45,131 SECURITY  [AWT-EventQueue-0] - User dmitriy.suslennikov login
2019-04-01 16:17:41,543 SECURITY  [AWT-EventQueue-0] - User dmitriy.suslennikov login
2019-04-01 16:21:43,181 SECURITY  [AWT-EventQueue-0] - User dmitriy.suslennikov login
2019-04-01 16:22:18,389 SECURITY  [AWT-EventQueue-0] - User dmitriy.suslennikov login
2019-04-01 16:26:25,460 SECURITY  [AWT-EventQueue-0] - User dmitriy.suslennikov login
2019-04-01 16:29:49,541 SECURITY  [AWT-EventQueue-0] - User dmitriy.suslennikov login
2019-04-01 16:30:25,326 SECURITY  [AWT-EventQueue-0] - User dmitriy.suslennikov login
2019-04-01 16:30:49,769 SECURITY  [AWT-EventQueue-0] - User dmitriy.suslennikov login
2019-04-01 16:32:08,286 SECURITY  [AWT-EventQueue-0] - User dmitriy.suslennikov login
2019-04-01 16:33:04,848 SECURITY  [AWT-EventQueue-0] - User dmitriy.suslennikov login
2019-04-01 16:34:02,157 SECURITY  [AWT-EventQueue-0] - User dmitriy.suslennikov login
2019-04-01 16:35:38,877 SECURITY  [AWT-EventQueue-0] - User dmitriy.suslennikov login
2019-04-01 16:36:21,624 SECURITY  [AWT-EventQueue-0] - User dmitriy.suslennikov login
2019-04-01 18:01:14,418 SECURITY  [AWT-EventQueue-0] - User dmitriy.suslennikov login
2019-04-01 20:22:43,224 SECURITY  [AWT-EventQueue-0] - User dmitriy.suslennikov login
2019-04-01 20:48:38,956 DEBUG  [main] - Server is running!
2019-04-01 20:50:34,740 DEBUG  [main] - Server is running!
2019-04-01 21:15:36,193 DEBUG  [main] - Server is running!
2019-04-01 21:18:33,391 DEBUG  [main] - Server is running!
2019-04-01 21:19:07,595 DEBUG  [main] - Server is running!
2019-04-01 21:20:43,420 DEBUG  [main] - Server is running!
2019-04-02 09:02:45,019 DEBUG  [main] - Server is running!
2019-04-02 09:04:49,174 DEBUG  [main] - Server is running!
2019-04-02 09:05:23,435 DEBUG  [main] - Server is running!
2019-04-02 09:21:50,213 DEBUG  [main] - Server is running!
2019-04-02 09:23:33,200 DEBUG  [main] - Server is running!
2019-04-02 09:24:52,716 DEBUG  [main] - Server is running!
2019-04-02 09:25:03,671 DEBUG  [main] - Server is running!
2019-04-02 09:25:20,682 DEBUG  [main] - Server is running!
2019-04-02 09:25:40,758 DEBUG  [main] - Server is running!
2019-04-02 09:27:36,424 DEBUG  [main] - Server is running!
2019-04-02 09:28:44,468 DEBUG  [main] - Server is running!
2019-04-02 09:31:01,875 DEBUG  [main] - Server is running!
2019-04-02 09:33:08,218 DEBUG  [main] - Server is running!
2019-04-02 09:33:46,846 DEBUG  [main] - Server is running!
2019-04-02 09:34:13,267 DEBUG  [main] - Server is running!
2019-04-02 09:37:48,002 DEBUG  [main] - Server is running!
2019-04-02 09:42:51,387 DEBUG  [main] - Server is running!
2019-04-02 09:47:53,210 DEBUG  [main] - Server is running!
2019-04-02 09:51:13,868 DEBUG  [main] - Server is running!
2019-04-02 10:05:22,489 DEBUG  [main] - Server is running!
2019-04-02 11:19:05,891 DEBUG  [main] - Server is running!
2019-04-02 11:47:44,867 DEBUG  [main] - Server is running!
2019-04-02 11:47:59,716 SECURITY  [Thread-1] - User alexander.bush login
2019-04-02 14:23:57,667 DEBUG  [main] - Server is running!
2019-04-05 13:19:25,036 DEBUG  [main] - Server is running!
2019-04-05 13:25:34,549 DEBUG  [main] - Server is running!
2019-04-05 13:37:36,351 DEBUG  [main] - Server is running!
2019-04-05 13:40:27,635 DEBUG  [main] - Server is running!
2019-04-05 13:45:02,858 DEBUG  [main] - Server is running!
2019-04-05 13:47:13,751 DEBUG  [main] - Server is running!
2019-04-05 13:54:53,785 DEBUG  [main] - Server is running!
2019-04-05 13:55:25,848 DEBUG  [main] - Server is running!
2019-04-05 13:56:04,429 DEBUG  [main] - Server is running!
2019-04-05 14:02:28,811 DEBUG  [main] - Server is running!
2019-04-05 14:03:09,614 DEBUG  [main] - Server is running!
2019-04-05 14:06:08,382 DEBUG  [main] - Server is running!
2019-04-05 14:06:25,354 DEBUG  [main] - Server is running!
2019-04-05 14:11:07,030 DEBUG  [main] - Server is running!
2019-04-05 14:11:57,644 DEBUG  [main] - Server is running!
2019-04-05 14:13:18,768 DEBUG  [main] - Server is running!
2019-04-05 14:13:26,595 DEBUG  [main] - Server is running!
2019-04-24 10:24:35,259 DEBUG  [main] - Server is running!
2019-04-24 10:26:33,456 DEBUG  [main] - Server is running!
2019-04-24 10:32:45,793 DEBUG  [main] - Server is running!
2019-04-24 10:56:02,954 DEBUG  [main] - Server is running!
2019-04-24 10:59:34,455 DEBUG  [main] - Server is running!
2019-04-24 16:34:23,862 DEBUG  [main] - Server is running!
2019-04-24 16:34:44,334 DEBUG  [main] - Server is running!
2019-05-13 09:31:08,362 DEBUG  [main] - Server is running!
2019-05-13 09:34:18,563 DEBUG  [main] - Server is running!
2019-05-13 09:35:25,912 DEBUG  [main] - Server is running!
2019-05-13 09:36:16,301 DEBUG  [main] - Server is running!
2019-05-13 09:37:55,466 DEBUG  [main] - Server is running!
2019-05-13 09:42:27,844 DEBUG  [main] - Server is running!
2019-05-13 09:42:55,615 SECURITY  [Thread-1] - User null login
2019-05-13 09:43:47,806 SECURITY  [Thread-2] - User null login
2019-05-13 09:44:40,752 DEBUG  [main] - Server is running!
2019-05-13 09:45:14,547 SECURITY  [Thread-1] - User null login
2019-05-13 09:45:31,242 DEBUG  [main] - Server is running!
2019-05-13 09:45:37,751 DEBUG  [main] - Server is running!
2019-05-13 09:46:44,410 SECURITY  [Thread-1] - User null login
2019-05-13 09:48:58,236 DEBUG  [main] - Server is running!
2019-05-13 09:49:48,281 SECURITY  [Thread-1] - User frame0 login
2019-05-13 09:49:56,010 DEBUG  [main] - Server is running!
2019-05-13 09:51:32,370 SECURITY  [Thread-1] - User frame0 login
2019-05-13 09:58:21,717 DEBUG  [main] - Server is running!
2019-05-13 09:58:50,180 SECURITY  [Thread-1] - User frame0 login
2019-05-13 09:59:24,445 SECURITY  [Thread-2] - User Alexander Bush login
2019-05-13 10:01:17,041 DEBUG  [main] - Server is running!
2019-05-13 10:01:40,112 SECURITY  [Thread-1] - User alexander.bush login
2019-05-13 10:02:48,052 DEBUG  [main] - Server is running!
2019-05-13 10:03:07,802 SECURITY  [Thread-1] - User alexander.bush login
2019-05-13 10:06:34,166 SECURITY  [Thread-2] - User dmitriy.suslennikov login
2019-05-13 10:08:14,352 DEBUG  [main] - Server is running!
2019-05-13 10:08:21,205 SECURITY  [Thread-1] - User alexander.bush login
2019-05-13 10:08:53,471 DEBUG  [main] - Server is running!
2019-05-13 10:09:02,019 SECURITY  [Thread-1] - User alexander.bush login
2019-05-13 10:09:30,163 SECURITY  [Thread-2] - User alexander.bush login
2019-05-13 10:09:47,915 SECURITY  [Thread-3] - User dmitriy.suslennikov login
2019-05-13 10:10:54,040 SECURITY  [Thread-4] - User alexander.bush login
2019-05-13 10:11:06,516 SECURITY  [Thread-5] - User alexander.bush login
2019-05-13 10:11:16,049 SECURITY  [Thread-6] - User dmitriy.suslennikov login
2019-05-13 10:17:54,878 DEBUG  [main] - Server is running!
2019-05-13 10:18:24,440 SECURITY  [Thread-1] - User alexander.bush login
2019-05-13 10:20:51,946 SECURITY  [Thread-2] - User dmitriy.suslennikov login
2019-05-13 10:22:05,597 DEBUG  [main] - Server is running!
2019-05-13 10:22:14,712 SECURITY  [Thread-1] - User alexander.bush login
2019-05-13 10:54:51,441 DEBUG  [main] - Server is running!
2019-05-13 10:55:01,714 SECURITY  [Thread-1] - User alexander.bush login
2019-05-13 12:46:54,676 SECURITY  [Thread-2] - User alexander.bush login
2019-05-13 13:10:03,798 SECURITY  [Thread-3] - User alexander.bush login
2019-05-13 13:20:23,073 SECURITY  [Thread-4] - User alexander.bush login
2019-05-13 13:20:32,222 SECURITY  [Thread-5] - User dmitriy.suslennikov login
2019-05-13 13:21:11,029 SECURITY  [Thread-6] - User alexander.bush login
2019-05-13 13:34:14,864 DEBUG  [main] - Server is running!
2019-05-13 13:34:23,103 SECURITY  [Thread-1] - User dmitriy.suslennikov login
2019-05-13 13:34:44,765 SECURITY  [Thread-2] - User alexander.bush login
2019-05-13 13:36:47,460 SECURITY  [Thread-3] - User dmitriy.suslennikov login
2019-05-13 13:38:11,562 SECURITY  [Thread-4] - User dmitriy.suslennikov login
2019-05-13 13:38:51,203 SECURITY  [Thread-5] - User dmitriy.suslennikov login
2019-05-13 13:39:20,957 SECURITY  [Thread-6] - User alexander.bush login
2019-05-13 13:39:42,194 SECURITY  [Thread-7] - User dmitriy.suslennikov login
2019-05-13 13:56:17,608 SECURITY  [Thread-8] - User dmitriy.suslennikov login
2019-05-13 14:00:25,275 SECURITY  [AWT-EventQueue-0] - User dmitriy.suslennikov login
2019-05-13 14:19:59,559 DEBUG  [main] - Server is running!
2019-05-13 14:20:15,354 SECURITY  [Thread-1] - User alexander.tebenkov login
2019-05-13 14:21:46,728 SECURITY  [Thread-2] - User alexander.tebenkov login
2019-05-13 14:23:23,003 SECURITY  [Thread-3] - User alexander.tebenkov login
2019-05-13 14:25:04,892 SECURITY  [Thread-4] - User alexander.tebenkov login
2019-05-13 14:26:03,013 SECURITY  [Thread-5] - User alexander.tebenkov login
2019-05-13 14:26:56,911 SECURITY  [Thread-6] - User alexander.tebenkov login
2019-05-13 14:29:43,233 SECURITY  [Thread-7] - User alexander.tebenkov login
2019-05-13 14:30:06,997 SECURITY  [Thread-8] - User alexander.tebenkov login
2019-05-13 14:30:38,043 SECURITY  [Thread-9] - User alexander.tebenkov login
2019-05-13 14:31:11,415 SECURITY  [Thread-10] - User alexander.tebenkov login
2019-05-13 14:32:33,036 SECURITY  [Thread-11] - User alexander.tebenkov login
2019-05-13 14:35:22,450 SECURITY  [Thread-12] - User alexander.tebenkov login
2019-05-13 14:36:02,826 SECURITY  [Thread-13] - User alexander.bush login
2019-05-13 14:37:40,107 SECURITY  [Thread-14] - User alexander.tebenkov login
2019-05-13 14:38:12,640 SECURITY  [Thread-16] - User dmitriy.suslennikov login
2019-05-13 14:40:57,529 SECURITY  [Thread-17] - User alexander.tebenkov login
2019-05-13 14:43:18,260 SECURITY  [Thread-18] - User alexander.tebenkov login
2019-05-13 14:43:27,807 SECURITY  [Thread-19] - User alexander.bush login
2019-05-13 14:43:53,927 SECURITY  [Thread-20] - User dmitriy.suslennikov login
2019-05-13 14:44:55,057 SECURITY  [Thread-21] - User alexander.bush login
2019-05-13 14:45:29,793 SECURITY  [Thread-22] - User alexander.tebenkov login
2019-05-13 15:38:52,217 SECURITY  [Thread-26] - User alexander.bush login
2019-05-13 15:39:54,168 SECURITY  [Thread-27] - User alexander.bush login
2019-05-13 15:40:30,286 SECURITY  [Thread-28] - User alexander.bush login
2019-05-13 15:42:09,134 DEBUG  [main] - Server is running!
2019-05-13 15:42:20,697 SECURITY  [Thread-1] - User alexander.tebenkov login
2019-05-13 15:43:58,034 DEBUG  [main] - Server is running!
2019-05-13 15:44:04,398 SECURITY  [Thread-1] - User alexander.tebenkov login
2019-05-13 15:44:27,640 SECURITY  [Thread-2] - User alexander.tebenkov login
2019-05-13 15:55:37,799 DEBUG  [main] - Server is running!
2019-05-13 15:56:36,027 SECURITY  [Thread-1] - User alexander.bush login
2019-05-13 15:57:17,533 SECURITY  [Thread-2] - User alexander.bush login
2019-05-14 13:13:22,082 DEBUG  [main] - Server is running!
2019-05-14 13:13:32,011 SECURITY  [Thread-1] - User null login
2019-05-14 13:14:13,360 SECURITY  [Thread-2] - User dmitriy.suslennikov login
2019-05-14 13:23:03,322 SECURITY  [Thread-3] - User alexander.bush login
2019-05-14 13:24:35,149 SECURITY  [Thread-4] - User null login
2019-05-14 13:26:53,607 SECURITY  [Thread-5] - User alexander.tebenkov login
2019-05-14 13:27:16,343 SECURITY  [Thread-6] - User alexander.bush login
2019-05-14 13:34:27,367 SECURITY  [Thread-7] - User alexander.bush login
2019-05-14 13:39:02,761 SECURITY  [Thread-8] - User alexander.bush login
2019-05-14 13:40:24,487 SECURITY  [Thread-10] - User dmitriy.suslennikov login
2019-05-14 13:40:29,175 SECURITY  [Thread-9] - User alexander.bush login
2019-05-14 13:42:44,022 DEBUG  [main] - Server is running!
2019-05-14 13:43:01,840 SECURITY  [Thread-1] - User alexander.bush login
2019-05-14 13:43:06,497 SECURITY  [Thread-2] - User alexander.bush login
2019-05-14 13:44:18,797 SECURITY  [Thread-4] - User alexander.tebenkov login
2019-05-14 13:45:51,458 DEBUG  [main] - Server is running!
2019-05-14 13:45:56,546 SECURITY  [Thread-1] - User dmitriy.suslennikov login
2019-05-14 13:49:11,289 DEBUG  [main] - Server is running!
2019-05-14 13:49:19,622 SECURITY  [Thread-1] - User dmitriy.suslennikov login
2019-05-14 13:49:28,557 SECURITY  [Thread-2] - User dmitriy.suslennikov login
2019-05-14 14:01:00,658 SECURITY  [Thread-3] - User dmitriy.suslennikov login
2019-05-14 14:04:36,298 SECURITY  [Thread-4] - User dmitriy.suslennikov login
2019-05-14 14:05:52,683 SECURITY  [Thread-5] - User alexander.bush login
2019-05-14 14:06:50,259 SECURITY  [Thread-6] - User dmitriy.suslennikov login
2019-05-14 14:08:04,823 SECURITY  [Thread-7] - User dmitriy.suslennikov login
2019-05-14 14:08:32,214 SECURITY  [Thread-8] - User dmitriy.suslennikov login
2019-05-14 14:09:06,080 SECURITY  [Thread-9] - User dmitriy.suslennikov login
2019-05-20 15:23:08,243 DEBUG  [main] - Server is running!
2019-05-20 15:23:29,059 SECURITY  [Thread-1] - User alexander.tebenkov login
2019-05-20 15:24:53,865 SECURITY  [Thread-2] - User dmitriy.suslennikov login
2019-05-20 15:24:58,507 SECURITY  [Thread-3] - User alexander.bush login
2019-05-28 10:00:55,438 DEBUG  [main] - Server is running!
2019-05-28 10:01:03,559 SECURITY  [Thread-1] - User dmitriy.suslennikov login
2019-05-28 10:01:32,089 DEBUG  [main] - Server is running!
2019-05-28 10:01:41,796 SECURITY  [Thread-1] - User dmitriy.suslennikov login
2019-05-28 10:02:17,673 SECURITY  [Thread-2] - User alexander.bush login
2019-05-28 10:08:19,911 SECURITY  [Thread-3] - User alexander.bush login
2019-05-28 10:09:48,356 SECURITY  [Thread-4] - User alexander.tebenkov login
2019-05-28 10:11:36,975 DEBUG  [main] - Server is running!
2019-05-28 10:11:50,910 SECURITY  [Thread-1] - User dmitriy.suslennikov login
2019-05-28 10:15:40,990 DEBUG  [main] - Server is running!
2019-05-28 10:15:52,719 SECURITY  [Thread-1] - User dmitriy.suslennikov login
2019-05-28 10:16:59,555 DEBUG  [main] - Server is running!
2019-05-28 10:17:07,809 SECURITY  [Thread-1] - User alexander.bush login
2019-05-28 10:18:17,612 DEBUG  [main] - Server is running!
2019-05-28 10:18:44,063 SECURITY  [Thread-1] - User dmitriy.suslennikov login
2019-05-28 10:20:03,056 DEBUG  [main] - Server is running!
2019-05-28 10:20:11,115 SECURITY  [Thread-1] - User dmitriy.suslennikov login
2019-05-28 10:20:45,988 INFO  [Thread-1] - User dmitriy.suslennikov: Load pallet. Rack1 B3 14535322452
2019-05-28 10:21:30,070 SECURITY  [Thread-2] - User alexander.tebenkov login
2019-05-28 10:31:32,286 DEBUG  [main] - Server is running!
2019-05-28 10:31:48,901 DEBUG  [main] - Server is running!
2019-05-28 10:32:07,968 SECURITY  [Thread-1] - User alexander.bush login
2019-05-28 10:32:16,223 INFO  [Thread-1] - User alexander.bush: Load pallet. Rack2 D5 14535322452
2019-05-28 10:32:42,643 SECURITY  [Thread-2] - User dmitriy.suslennikov login
2019-05-30 12:18:24,402 DEBUG  [main] - Server is running!
2019-05-30 12:18:42,672 SECURITY  [Thread-1] - User dmitriy.suslennikov login
2019-05-30 12:19:07,524 INFO  [Thread-1] - User dmitriy.suslennikov: Load pallet. Rack2 E5 14535322452
2019-05-30 12:22:32,794 DEBUG  [main] - Server is running!
2019-05-30 12:22:46,224 SECURITY  [Thread-1] - User alexander.tebenkov login
2019-05-30 12:24:11,762 INFO  [Thread-1] - User alexander.tebenkov: Load pallet. Rack1 A7 61021230234-01
2019-05-30 12:25:57,328 DEBUG  [main] - Server is running!
2019-05-30 12:26:08,672 SECURITY  [Thread-1] - User dmitriy.suslennikov login
2019-05-30 12:26:46,632 INFO  [Thread-1] - User dmitriy.suslennikov: Load pallet. Rack1 A5 14535322452
2019-05-30 12:26:58,979 INFO  [Thread-1] - User dmitriy.suslennikov: Load pallet. Rack1 B7 61021230234-01
2019-05-30 12:27:05,492 INFO  [Thread-1] - User dmitriy.suslennikov: Load pallet. Rack1 D6 61021230234-01
2019-05-30 12:27:08,823 INFO  [Thread-1] - User dmitriy.suslennikov: Load pallet. Rack1 E7 61021230234-01
2019-05-30 12:27:14,391 INFO  [Thread-1] - User dmitriy.suslennikov: Load pallet. Rack1 B5 61021230234-01
2019-05-30 12:27:23,875 INFO  [Thread-1] - User dmitriy.suslennikov: Load pallet. Rack1 F6 61021230234-01
2019-05-30 12:29:21,178 SECURITY  [Thread-2] - User alexander.bush login
2019-05-30 12:29:30,938 INFO  [Thread-2] - User alexander.bush: Load pallet. Rack5 A6 14535322452
2019-05-30 12:29:36,236 INFO  [Thread-2] - User alexander.bush: Load pallet. Rack5 B6 14535322452-01
2019-05-30 12:30:04,114 INFO  [Thread-2] - User alexander.bush: Load pallet. Rack5 C6 14535322452-01
2019-05-30 12:37:03,433 DEBUG  [main] - Server is running!
2019-05-30 12:37:17,655 SECURITY  [Thread-1] - User dmitriy.suslennikov login
2019-05-30 12:37:20,382 INFO  [Thread-1] - User dmitriy.suslennikov: Load pallet. Rack1 D5 14535322452
2019-05-30 12:37:33,278 INFO  [Thread-1] - User dmitriy.suslennikov: Load pallet. Rack2 A5 61021230234-01
2019-05-30 12:39:58,150 DEBUG  [main] - Server is running!
2019-05-30 12:40:10,952 SECURITY  [Thread-1] - User dmitriy.suslennikov login
2019-05-30 12:40:24,311 INFO  [Thread-1] - User dmitriy.suslennikov: Load pallet. Rack1 A4 14535322452
2019-05-30 12:41:52,715 INFO  [Thread-1] - User dmitriy.suslennikov: Load pallet. Rack1 A3 14535322452
2019-06-14 10:33:22,724 DEBUG  [main] - Server is running!
2019-06-14 10:34:24,692 SECURITY  [Thread-1] - User dmitriy.suslennikov login
2019-06-14 10:35:07,150 INFO  [Thread-1] - User dmitriy.suslennikov: Load pallet. Rack1 F1 14535322452
2019-06-14 10:38:26,442 SECURITY  [Thread-2] - User alexander.tebenkov login
2019-06-14 10:38:47,305 INFO  [Thread-2] - User alexander.tebenkov: Load pallet. Rack1 F2 14535322452
2019-06-14 10:39:00,692 DEBUG  [main] - Server is running!
2019-06-14 10:39:12,102 SECURITY  [Thread-1] - User alexander.bush login
2019-06-14 10:39:16,889 INFO  [Thread-1] - User alexander.bush: Load pallet. Rack1 E4 14535322452
2019-06-14 10:39:24,904 INFO  [Thread-1] - User alexander.bush: Load pallet. Rack3 C3 14535322452
2019-06-14 10:39:31,484 INFO  [Thread-1] - User alexander.bush: Load pallet. Rack3 E2 14535322452-01
2019-06-14 10:49:08,495 DEBUG  [main] - Server is running!
2019-06-14 10:49:15,788 SECURITY  [Thread-1] - User alexander.bush login
2019-06-14 10:49:24,439 SECURITY  [Thread-2] - User dmitriy.suslennikov login
2019-06-14 10:49:38,208 INFO  [Thread-2] - User dmitriy.suslennikov: Load pallet. Rack4 B6 14535322452
2019-06-14 10:49:55,094 INFO  [Thread-1] - User alexander.bush: Load pallet. Rack3 D4 14535322452
2019-06-14 10:59:28,170 DEBUG  [main] - Server is running!
2019-06-14 10:59:35,619 SECURITY  [Thread-1] - User dmitriy.suslennikov login
2019-06-14 10:59:41,081 INFO  [Thread-1] - User dmitriy.suslennikov: Load pallet. Rack4 D6 14535322452
2019-06-14 10:59:55,247 SECURITY  [Thread-2] - User alexander.tebenkov login
2019-06-14 11:00:03,496 INFO  [Thread-2] - User alexander.tebenkov: Load pallet. Rack4 A7 14535322452
2019-06-14 12:44:37,981 DEBUG  [main] - Server is running!
2019-06-14 12:44:50,833 SECURITY  [Thread-1] - User dmitriy.suslennikov login
2019-06-14 12:45:20,025 DEBUG  [main] - Server is running!
2019-06-14 12:45:25,291 SECURITY  [Thread-1] - User dmitriy.suslennikov login
2019-06-14 12:49:21,458 DEBUG  [main] - Server is running!
2019-06-14 13:06:45,357 DEBUG  [main] - Server is running!
2019-06-14 13:06:49,834 SECURITY  [Thread-1] - User alexander.tebenkov login
2019-06-14 13:07:05,120 DEBUG  [main] - Server is running!
2019-06-14 13:07:09,663 SECURITY  [Thread-1] - User alexander.tebenkov login
2019-06-14 13:08:08,107 DEBUG  [main] - Server is running!
2019-06-14 13:08:31,864 SECURITY  [Thread-1] - User alexander.bush login
2019-06-14 13:08:48,880 DEBUG  [main] - Server is running!
2019-06-14 13:08:56,183 SECURITY  [Thread-1] - User alexander.bush login
2019-06-14 13:14:54,829 DEBUG  [main] - Server is running!
2019-06-14 13:14:59,707 SECURITY  [Thread-1] - User alexander.bush login
2019-06-14 13:35:47,180 SECURITY  [AWT-EventQueue-0] - User dmitriy.suslennikov login
2019-06-14 13:41:11,225 SECURITY  [AWT-EventQueue-0] - User dmitriy.suslennikov login
2019-06-14 14:01:18,918 DEBUG  [main] - Server is running!
2019-06-14 14:01:58,695 DEBUG  [main] - Server is running!
2019-06-14 14:02:27,530 DEBUG  [main] - Server is running!
2019-06-14 14:09:01,678 DEBUG  [main] - Server is running!
2019-06-14 14:15:50,235 SECURITY  [AWT-EventQueue-0] - User dmitriy.suslennikov login
2019-06-14 14:56:52,073 DEBUG  [main] - Server is running!
2019-06-14 14:57:02,653 SECURITY  [Thread-1] - User alexander.bush login
2019-06-14 15:01:11,812 SECURITY  [Thread-2] - User alexander.bush login
2019-06-14 15:07:03,736 SECURITY  [Thread-3] - User dmitriy.suslennikov login
2019-06-14 15:11:48,104 SECURITY  [Thread-4] - User alexander.bush login
2019-06-14 15:12:47,345 SECURITY  [Thread-5] - User dmitriy.suslennikov login
2019-06-14 15:21:11,335 SECURITY  [Thread-6] - User alexander.bush login
2019-06-14 15:21:31,627 DEBUG  [main] - Server is running!
2019-06-14 15:23:15,307 SECURITY  [Thread-1] - User alexander.bush login
2019-06-14 15:25:14,554 SECURITY  [Thread-2] - User dmitriy.suslennikov login
2019-06-14 15:27:11,205 SECURITY  [Thread-3] - User alexander.bush login
2019-06-14 15:27:24,087 INFO  [Thread-3] - User alexander.bush: Load pallet. Rack4 D2 14535322452
2019-06-14 16:34:59,569 DEBUG  [main] - Server is running!
2019-06-14 16:35:19,431 SECURITY  [Thread-1] - User alexander.bush login
2019-06-14 16:38:32,419 SECURITY  [Thread-2] - User alexander.tebenkov login
2019-06-14 16:39:41,915 SECURITY  [Thread-3] - User alexander.tebenkov login
2019-06-14 19:11:11,531 DEBUG  [main] - Server is running!
2019-06-14 19:11:18,310 SECURITY  [Thread-1] - User alexander.bush login
2019-06-14 19:11:28,822 INFO  [Thread-1] - User alexander.bush: Load pallet. Rack1 F7 14535322452
2019-06-14 19:11:48,091 SECURITY  [Thread-2] - User alexander.tebenkov login
2019-06-14 19:12:18,809 INFO  [Thread-2] - User alexander.tebenkov: Load pallet. Rack1 D7 14535322452
2019-06-14 19:12:34,066 SECURITY  [Thread-3] - User dmitriy.suslennikov login
2019-06-14 19:12:37,120 INFO  [Thread-3] - User dmitriy.suslennikov: Load pallet. Rack1 F5 14535322452
2019-06-14 19:12:55,289 DEBUG  [main] - Server is running!
2019-06-14 19:13:00,674 SECURITY  [Thread-1] - User alexander.tebenkov login
2019-06-14 19:13:23,908 SECURITY  [Thread-2] - User alexander.tebenkov login
2019-06-14 19:17:33,400 SECURITY  [Thread-3] - User dmitriy.suslennikov login
2019-06-14 19:17:43,645 INFO  [Thread-3] - User dmitriy.suslennikov: Load pallet. Rack1 C5 14535322452
2019-06-14 19:22:29,158 DEBUG  [main] - Server is running!
2019-06-14 19:22:36,516 SECURITY  [Thread-1] - User dmitriy.suslennikov login
2019-06-14 19:23:04,106 INFO  [Thread-1] - User dmitriy.suslennikov: Load pallet. Rack1 E6 14535322452
2019-06-14 19:28:54,036 SECURITY  [Thread-2] - User alexander.bush login
2019-06-14 19:29:02,088 INFO  [Thread-2] - User alexander.bush: Load pallet. Rack1 B4 14535322452
2019-06-14 19:29:15,733 DEBUG  [main] - Server is running!
2019-06-14 19:29:23,442 SECURITY  [Thread-1] - User alexander.bush login
2019-06-14 19:32:13,728 INFO  [Thread-1] - User alexander.bush: Load pallet. Rack1 A2 14535322452
2019-06-14 19:32:27,380 SECURITY  [Thread-2] - User dmitriy.suslennikov login
2019-06-14 19:32:34,217 INFO  [Thread-2] - User dmitriy.suslennikov: Load pallet. Rack1 B6 14535322452
2019-06-14 19:32:46,140 DEBUG  [main] - Server is running!
2019-06-14 19:32:51,886 SECURITY  [Thread-1] - User alexander.bush login
2019-06-14 19:33:17,811 INFO  [Thread-1] - User alexander.bush: Load pallet. Rack1 A6 14535322452
2019-06-16 09:46:38,099 DEBUG  [main] - Server is running!
2019-06-16 09:47:12,011 SECURITY  [Thread-1] - User alexander.bush login
2019-06-16 09:47:41,572 INFO  [Thread-1] - User alexander.bush: Load pallet. Rack2 C4 14535322452
2019-06-16 09:54:54,175 DEBUG  [main] - Server is running!
2019-06-16 09:55:04,622 SECURITY  [Thread-1] - User dmitriy.suslennikov login
2019-06-16 09:55:36,941 INFO  [Thread-1] - User dmitriy.suslennikov: Load pallet. Rack2 B3 14535322452
2019-06-16 09:59:03,247 DEBUG  [main] - Server is running!
2019-06-16 09:59:08,478 SECURITY  [Thread-1] - User alexander.bush login
2019-06-16 10:05:35,383 DEBUG  [main] - Server is running!
2019-06-16 10:05:45,131 SECURITY  [Thread-1] - User alexander.bush login
2019-06-16 10:06:54,473 SECURITY  [Thread-2] - User dmitriy.suslennikov login
2019-06-16 10:10:15,719 DEBUG  [main] - Server is running!
2019-06-16 10:12:03,467 SECURITY  [Thread-1] - User alexander.bush login
2019-06-16 10:28:34,346 DEBUG  [main] - Server is running!
2019-06-16 10:28:44,109 SECURITY  [Thread-1] - User alexander.bush login
2019-06-16 10:30:00,209 SECURITY  [Thread-3] - User dmitriy.suslennikov login
2019-06-16 10:34:02,475 DEBUG  [main] - Server is running!
2019-06-16 10:34:09,111 SECURITY  [Thread-1] - User dmitriy.suslennikov login
2019-06-16 10:44:12,939 DEBUG  [main] - Server is running!
2019-06-16 10:44:25,588 SECURITY  [Thread-1] - User dmitriy.suslennikov login
2019-06-16 10:49:15,704 SECURITY  [Thread-2] - User dmitriy.suslennikov login
2019-06-16 10:51:23,270 DEBUG  [main] - Server is running!
2019-06-16 10:51:30,412 SECURITY  [Thread-1] - User alexander.bush login
2019-06-16 10:53:02,245 DEBUG  [main] - Server is running!
2019-06-16 10:53:05,857 SECURITY  [Thread-1] - User alexander.tebenkov login
2019-06-16 10:54:00,540 INFO  [Thread-1] - User alexander.tebenkov: Load pallet. Rack3 D2 14535322452
2019-06-16 10:54:10,636 DEBUG  [main] - Server is running!
2019-06-16 10:54:14,547 SECURITY  [Thread-1] - User alexander.tebenkov login
2019-06-16 10:54:57,923 INFO  [Thread-1] - User alexander.tebenkov: Load pallet. Rack4 A4 14535322452
2019-06-16 10:55:06,077 DEBUG  [main] - Server is running!
2019-06-16 10:55:12,103 SECURITY  [Thread-1] - User alexander.bush login
2019-06-16 10:55:19,103 INFO  [Thread-1] - User alexander.bush: PickUp pallet. Rack4 B3 14535322452
2019-06-16 10:55:22,066 INFO  [Thread-1] - User alexander.bush: PickUp pallet. Rack4 E2 14535322452
2019-06-16 10:55:27,534 INFO  [Thread-1] - User alexander.bush: PickUp pallet. Rack1 E1 14535322452
2019-06-16 10:55:31,523 INFO  [Thread-1] - User alexander.bush: PickUp pallet. Rack1 C2 14535322452
2019-06-16 10:55:34,288 INFO  [Thread-1] - User alexander.bush: PickUp pallet. Rack1 E2 14535322452
2019-06-16 10:55:37,083 INFO  [Thread-1] - User alexander.bush: PickUp pallet. Rack1 D1 14535322452
2019-06-16 10:55:40,821 INFO  [Thread-1] - User alexander.bush: PickUp pallet. Rack1 C1 14535322452
2019-06-16 10:56:50,285 INFO  [Thread-1] - User alexander.bush: Load pallet. Rack1 D1 14535322452
2019-06-16 11:02:14,630 DEBUG  [main] - Server is running!
2019-06-16 11:02:26,037 SECURITY  [Thread-1] - User alexander.bush login
2019-06-16 11:02:50,571 INFO  [Thread-1] - User alexander.bush: Load pallet. Rack1 E1 14535322452
2019-06-16 11:04:24,160 SECURITY  [Thread-2] - User dmitriy.suslennikov login
2019-06-16 11:05:30,756 INFO  [Thread-2] - User dmitriy.suslennikov: Load pallet. Rack1 C1 14535322452
2019-06-16 11:06:55,547 SECURITY  [Thread-3] - User dmitriy.suslennikov login
2019-06-16 11:09:56,286 INFO  [Thread-3] - User dmitriy.suslennikov: Load pallet. Rack1 C2 14535322452
2019-06-16 11:10:45,600 SECURITY  [Thread-4] - User alexander.bush login
2019-06-17 09:47:29,064 DEBUG  [main] - Server is running!
2019-06-17 09:47:45,505 SECURITY  [Thread-2] - User dmitriy.suslennikov login
2019-06-17 09:48:51,507 SECURITY  [Thread-3] - User alexander.bush login
2019-06-17 09:51:43,765 INFO  [Thread-3] - User alexander.bush: Load pallet. Rack1 E2 14535322452
2019-06-17 09:51:51,331 SECURITY  [Thread-4] - User dmitriy.suslennikov login
2019-06-17 09:52:44,166 INFO  [Thread-4] - User dmitriy.suslennikov: Load pallet. Rack3 C2 14535322452
2019-06-17 09:53:52,255 SECURITY  [Thread-5] - User alexander.bush login
2019-06-17 09:53:56,954 INFO  [Thread-5] - User alexander.bush: PickUp pallet. Rack1 F3 14535322452
2019-06-17 09:54:04,886 SECURITY  [Thread-6] - User alexander.bush login
2019-06-17 09:54:28,983 INFO  [Thread-6] - User alexander.bush: Load pallet. Rack1 F3 14535322452
2019-06-17 09:55:02,222 SECURITY  [Thread-7] - User alexander.tebenkov login
2019-06-17 09:55:49,221 SECURITY  [Thread-8] - User alexander.bush login
2019-06-17 09:56:14,968 INFO  [Thread-8] - User alexander.bush: Load pallet. Rack4 B4 14535322452
2019-06-17 09:56:45,648 DEBUG  [main] - Server is running!
2019-06-17 09:56:49,182 SECURITY  [Thread-1] - User alexander.bush login
2019-06-17 09:58:39,956 INFO  [Thread-1] - User alexander.bush: Load pallet. Rack2 C3 14535322452
2019-06-17 10:00:36,772 DEBUG  [main] - Server is running!
2019-06-17 10:00:45,530 SECURITY  [Thread-1] - User dmitriy.suslennikov login
2019-06-17 10:01:04,469 INFO  [Thread-1] - User dmitriy.suslennikov: Load pallet. Rack4 D7 14535322452
2019-06-17 10:01:22,206 INFO  [Thread-1] - User dmitriy.suslennikov: PickUp pallet. Rack2 C3 14535322452
2019-06-17 10:01:55,570 SECURITY  [Thread-2] - User dmitriy.suslennikov login
2019-06-17 10:02:09,767 INFO  [Thread-2] - User dmitriy.suslennikov: Load pallet. Rack4 C5 14535322452
2019-06-17 10:02:15,602 INFO  [Thread-2] - User dmitriy.suslennikov: PickUp pallet. Rack4 D7 14535322452
2019-06-17 10:02:20,964 INFO  [Thread-2] - User dmitriy.suslennikov: Load pallet. Rack4 C3 14535322452
2019-06-17 10:02:25,072 INFO  [Thread-2] - User dmitriy.suslennikov: PickUp pallet. Rack4 C5 14535322452
2019-06-17 10:02:28,348 INFO  [Thread-2] - User dmitriy.suslennikov: PickUp pallet. Rack1 F4 14535322452
2019-06-17 10:05:01,313 SECURITY  [Thread-3] - User dmitriy.suslennikov login
2019-06-17 10:05:11,474 INFO  [Thread-3] - User dmitriy.suslennikov: Load pallet. Rack3 B4 14535322452
2019-06-17 10:22:12,016 SECURITY  [Thread-4] - User dmitriy.suslennikov login
2019-06-17 10:22:16,150 INFO  [Thread-4] - User dmitriy.suslennikov: PickUp pallet. Rack1 C4 14535322452
2019-06-17 10:22:29,024 INFO  [Thread-4] - User dmitriy.suslennikov: PickUp pallet. Rack1 B3 14535322452
2019-06-17 10:22:33,288 INFO  [Thread-4] - User dmitriy.suslennikov: PickUp pallet. Rack2 D5 14535322452
2019-06-17 10:22:35,221 INFO  [Thread-4] - User dmitriy.suslennikov: PickUp pallet. Rack2 E5 14535322452
2019-06-17 10:22:38,598 INFO  [Thread-4] - User dmitriy.suslennikov: PickUp pallet. Rack1 A5 14535322452
2019-06-17 10:22:44,457 INFO  [Thread-4] - User dmitriy.suslennikov: PickUp pallet. Rack5 A6 14535322452
2019-06-17 10:22:47,416 INFO  [Thread-4] - User dmitriy.suslennikov: PickUp pallet. Rack1 D5 14535322452
2019-06-17 10:22:49,532 INFO  [Thread-4] - User dmitriy.suslennikov: PickUp pallet. Rack1 A4 14535322452
2019-06-17 10:22:51,680 INFO  [Thread-4] - User dmitriy.suslennikov: PickUp pallet. Rack1 A3 14535322452
2019-06-17 10:22:56,922 INFO  [Thread-4] - User dmitriy.suslennikov: PickUp pallet. Rack4 B4 14535322452
2019-06-17 10:23:04,436 INFO  [Thread-4] - User dmitriy.suslennikov: PickUp pallet. Rack3 B4 14535322452
2019-06-17 10:24:06,858 INFO  [Thread-4] - User dmitriy.suslennikov: PickUp pallet. Rack1 B1 14535322452-01
2019-06-17 10:24:09,818 INFO  [Thread-4] - User dmitriy.suslennikov: PickUp pallet. Rack5 B6 14535322452-01
2019-06-17 10:24:11,787 INFO  [Thread-4] - User dmitriy.suslennikov: PickUp pallet. Rack5 C6 14535322452-01
2019-06-17 10:24:19,904 INFO  [Thread-4] - User dmitriy.suslennikov: PickUp pallet. Rack1 A1 61021230234-01
2019-06-17 10:24:22,000 INFO  [Thread-4] - User dmitriy.suslennikov: PickUp pallet. Rack1 E5 61021230234-01
2019-06-17 10:24:24,136 INFO  [Thread-4] - User dmitriy.suslennikov: PickUp pallet. Rack1 C6 61021230234-01
2019-06-17 10:24:26,040 INFO  [Thread-4] - User dmitriy.suslennikov: PickUp pallet. Rack1 C7 61021230234-01
2019-06-17 10:24:27,975 INFO  [Thread-4] - User dmitriy.suslennikov: PickUp pallet. Rack1 E3 61021230234-01
2019-06-17 10:24:29,908 INFO  [Thread-4] - User dmitriy.suslennikov: PickUp pallet. Rack1 D3 61021230234-01
2019-06-17 10:24:31,776 INFO  [Thread-4] - User dmitriy.suslennikov: PickUp pallet. Rack1 D2 61021230234-01
2019-06-17 10:24:33,531 INFO  [Thread-4] - User dmitriy.suslennikov: PickUp pallet. Rack1 B2 61021230234-01
2019-06-17 10:24:35,521 INFO  [Thread-4] - User dmitriy.suslennikov: PickUp pallet. Rack1 D4 61021230234-01
2019-06-17 10:24:37,356 INFO  [Thread-4] - User dmitriy.suslennikov: PickUp pallet. Rack1 A7 61021230234-01
2019-06-17 10:24:39,592 INFO  [Thread-4] - User dmitriy.suslennikov: PickUp pallet. Rack1 B7 61021230234-01
2019-06-17 10:24:41,517 INFO  [Thread-4] - User dmitriy.suslennikov: PickUp pallet. Rack1 D6 61021230234-01
2019-06-17 10:24:43,621 INFO  [Thread-4] - User dmitriy.suslennikov: PickUp pallet. Rack1 E7 61021230234-01
2019-06-17 10:24:45,568 INFO  [Thread-4] - User dmitriy.suslennikov: PickUp pallet. Rack1 B5 61021230234-01
2019-06-17 10:24:47,715 INFO  [Thread-4] - User dmitriy.suslennikov: PickUp pallet. Rack1 F6 61021230234-01
2019-06-17 10:24:51,002 INFO  [Thread-4] - User dmitriy.suslennikov: PickUp pallet. Rack2 A5 61021230234-01
2019-06-17 10:24:56,289 INFO  [Thread-4] - User dmitriy.suslennikov: PickUp pallet. Rack2 D3 61021230234-03
2019-06-17 10:24:58,169 INFO  [Thread-4] - User dmitriy.suslennikov: PickUp pallet. Rack2 B4 61021230234-03
2019-06-17 10:25:00,180 INFO  [Thread-4] - User dmitriy.suslennikov: PickUp pallet. Rack2 F4 61021230234-03
2019-06-17 10:25:03,476 INFO  [Thread-4] - User dmitriy.suslennikov: PickUp pallet. Rack1 C3 61021230234-03
2019-06-17 10:27:50,093 SECURITY  [Thread-5] - User dmitriy.suslennikov login
2019-06-17 10:32:48,673 SECURITY  [Thread-6] - User dmitriy.suslennikov login
2019-06-17 10:32:51,432 INFO  [Thread-6] - User dmitriy.suslennikov: PickUp pallet. Rack1 F1 14535322452
2019-06-17 10:32:55,523 SECURITY  [Thread-7] - User dmitriy.suslennikov login
2019-06-17 10:33:15,054 INFO  [Thread-7] - User dmitriy.suslennikov: PickUp pallet. Rack1 F2 14535322452
2019-06-17 10:33:20,534 SECURITY  [Thread-8] - User dmitriy.suslennikov login
2019-06-17 10:33:51,997 DEBUG  [main] - Server is running!
2019-06-17 10:33:57,309 SECURITY  [Thread-1] - User dmitriy.suslennikov login
2019-06-17 10:34:03,707 INFO  [Thread-1] - User dmitriy.suslennikov: PickUp pallet. Rack1 E4 14535322452
2019-06-17 10:34:47,738 INFO  [Thread-1] - User dmitriy.suslennikov: PickUp pallet. Rack3 C3 14535322452
2019-06-17 10:35:17,740 DEBUG  [main] - Server is running!
2019-06-17 10:35:21,556 SECURITY  [Thread-1] - User dmitriy.suslennikov login
2019-06-17 10:35:24,328 INFO  [Thread-1] - User dmitriy.suslennikov: PickUp pallet. Rack4 B6 14535322452
2019-06-17 10:35:28,107 INFO  [Thread-1] - User dmitriy.suslennikov: PickUp pallet. Rack3 D4 14535322452
2019-06-17 10:35:30,200 INFO  [Thread-1] - User dmitriy.suslennikov: PickUp pallet. Rack4 D6 14535322452
2019-06-17 10:35:31,900 INFO  [Thread-1] - User dmitriy.suslennikov: PickUp pallet. Rack4 A7 14535322452
2019-06-17 10:35:33,935 INFO  [Thread-1] - User dmitriy.suslennikov: PickUp pallet. Rack4 D2 14535322452
2019-06-17 10:35:37,029 INFO  [Thread-1] - User dmitriy.suslennikov: PickUp pallet. Rack1 F7 14535322452
2019-06-17 10:35:38,738 INFO  [Thread-1] - User dmitriy.suslennikov: PickUp pallet. Rack1 D7 14535322452
2019-06-17 10:35:40,684 INFO  [Thread-1] - User dmitriy.suslennikov: PickUp pallet. Rack1 F5 14535322452
2019-06-17 10:35:42,639 INFO  [Thread-1] - User dmitriy.suslennikov: PickUp pallet. Rack1 C5 14535322452
2019-06-17 10:35:44,339 INFO  [Thread-1] - User dmitriy.suslennikov: PickUp pallet. Rack1 E6 14535322452
2019-06-17 10:35:45,904 INFO  [Thread-1] - User dmitriy.suslennikov: PickUp pallet. Rack1 B4 14535322452
2019-06-17 10:35:47,379 INFO  [Thread-1] - User dmitriy.suslennikov: PickUp pallet. Rack1 A2 14535322452
2019-06-17 10:35:49,076 INFO  [Thread-1] - User dmitriy.suslennikov: PickUp pallet. Rack1 B6 14535322452
2019-06-17 10:35:50,582 INFO  [Thread-1] - User dmitriy.suslennikov: PickUp pallet. Rack1 A6 14535322452
2019-06-17 10:35:53,449 INFO  [Thread-1] - User dmitriy.suslennikov: PickUp pallet. Rack2 C4 14535322452
2019-06-17 10:35:55,108 INFO  [Thread-1] - User dmitriy.suslennikov: PickUp pallet. Rack2 B3 14535322452
2019-06-17 10:35:58,022 INFO  [Thread-1] - User dmitriy.suslennikov: PickUp pallet. Rack4 C3 14535322452
2019-06-17 10:36:01,022 INFO  [Thread-1] - User dmitriy.suslennikov: PickUp pallet. Rack3 C2 14535322452
2019-06-17 10:36:03,565 INFO  [Thread-1] - User dmitriy.suslennikov: PickUp pallet. Rack4 A4 14535322452
2019-06-17 10:36:06,072 INFO  [Thread-1] - User dmitriy.suslennikov: PickUp pallet. Rack1 E1 14535322452
2019-06-17 10:36:08,157 INFO  [Thread-1] - User dmitriy.suslennikov: PickUp pallet. Rack1 F3 14535322452
2019-06-17 10:36:10,271 INFO  [Thread-1] - User dmitriy.suslennikov: PickUp pallet. Rack1 D1 14535322452
2019-06-17 10:36:13,251 INFO  [Thread-1] - User dmitriy.suslennikov: PickUp pallet. Rack3 D2 14535322452
2019-06-17 10:36:15,885 INFO  [Thread-1] - User dmitriy.suslennikov: PickUp pallet. Rack1 E2 14535322452
2019-06-17 10:36:17,470 INFO  [Thread-1] - User dmitriy.suslennikov: PickUp pallet. Rack1 C2 14535322452
2019-06-17 10:36:19,147 INFO  [Thread-1] - User dmitriy.suslennikov: PickUp pallet. Rack1 C1 14535322452
2019-06-17 10:36:29,113 INFO  [Thread-1] - User dmitriy.suslennikov: PickUp pallet. Rack3 E2 14535322452-01
2019-06-17 10:37:28,283 DEBUG  [main] - Server is running!
2019-06-17 10:37:35,686 SECURITY  [Thread-1] - User alexander.bush login
2019-06-17 10:37:43,631 INFO  [Thread-1] - User alexander.bush: Load pallet. Rack1 C5 14535322452
2019-06-17 10:37:51,207 INFO  [Thread-1] - User alexander.bush: PickUp pallet. Rack1 C5 14535322452
2019-06-17 10:56:10,984 DEBUG  [main] - Server is running!
2019-06-17 10:56:28,663 SECURITY  [Thread-2] - User alexander.tebenkov login
2019-06-17 10:56:32,956 SECURITY  [Thread-3] - User alexander.tebenkov login
2019-06-17 10:56:56,797 DEBUG  [main] - Server is running!
2019-06-17 10:57:04,663 SECURITY  [Thread-1] - User dmitriy.suslennikov login
2019-06-17 10:57:17,787 DEBUG  [main] - Server is running!
2019-06-17 10:57:40,314 SECURITY  [Thread-1] - User alexander.bush login
2019-06-17 10:58:26,339 SECURITY  [Thread-2] - User alexander.bush login
2019-06-17 10:58:35,679 DEBUG  [main] - Server is running!
2019-06-17 10:58:41,574 SECURITY  [Thread-1] - User dmitriy.suslennikov login
2019-06-17 10:58:44,960 INFO  [Thread-1] - User dmitriy.suslennikov: Load pallet. Rack1 C4 14535322452
2019-06-17 11:00:51,332 SECURITY  [Thread-2] - User dmitriy.suslennikov login
2019-06-17 11:01:32,734 SECURITY  [Thread-3] - User dmitriy.suslennikov login
2019-06-17 11:01:45,231 INFO  [Thread-3] - User dmitriy.suslennikov: Load pallet. Rack1 D4 14535322452
2019-06-17 11:01:47,705 INFO  [Thread-3] - User dmitriy.suslennikov: PickUp pallet. Rack1 D4 14535322452
2019-06-17 13:44:01,785 SECURITY  [Thread-4] - User alexander.tebenkov login
2019-06-17 13:47:01,542 SECURITY  [Thread-5] - User alexander.tebenkov login
2019-06-17 13:47:33,591 SECURITY  [Thread-6] - User alexander.bush login
2019-06-17 13:50:36,960 SECURITY  [Thread-7] - User alexander.tebenkov login
2019-06-17 13:51:36,189 SECURITY  [Thread-8] - User dmitriy.suslennikov login
2019-06-17 13:57:48,009 SECURITY  [Thread-9] - User alexander.tebenkov login
2019-06-17 14:01:04,670 SECURITY  [Thread-10] - User dmitriy.suslennikov login
2019-06-17 14:04:35,853 SECURITY  [Thread-11] - User alexander.tebenkov login
2019-06-17 14:05:25,087 SECURITY  [Thread-12] - User dmitriy.suslennikov login
2019-06-17 14:05:27,728 INFO  [Thread-12] - User dmitriy.suslennikov: Load pallet. Rack1 E4 14535322452
2019-06-17 14:05:33,187 SECURITY  [Thread-13] - User dmitriy.suslennikov login
2019-06-17 14:05:53,105 DEBUG  [main] - Server is running!
2019-06-17 14:06:02,743 SECURITY  [Thread-1] - User alexander.tebenkov login
2019-06-17 14:06:07,755 INFO  [Thread-1] - User alexander.tebenkov: Load pallet. Rack1 B2 61021230234-01
2019-06-17 14:06:10,437 INFO  [Thread-1] - User alexander.tebenkov: Load pallet. Rack1 D6 61021230234-01
2019-06-17 14:06:16,241 INFO  [Thread-1] - User alexander.tebenkov: Load pallet. Rack1 E1 14535322452-01
2019-06-17 14:07:06,653 INFO  [Thread-1] - User alexander.tebenkov: Load pallet. Rack1 D2 14535322452
2019-06-17 14:11:52,845 DEBUG  [main] - Server is running!
2019-06-17 14:12:05,900 SECURITY  [Thread-1] - User dmitriy.suslennikov login
2019-06-17 14:12:17,597 SECURITY  [Thread-2] - User alexander.bush login
2019-06-17 14:12:41,485 INFO  [Thread-2] - User alexander.bush: Load pallet. Rack1 A2 14535322452
2019-06-17 14:26:23,724 DEBUG  [main] - Server is running!
2019-06-17 14:26:31,304 SECURITY  [Thread-1] - User alexander.tebenkov login
2019-06-17 14:26:37,562 SECURITY  [Thread-2] - User dmitriy.suslennikov login
2019-06-17 14:26:44,188 INFO  [Thread-1] - User alexander.tebenkov: Load pallet. Rack1 D3 14535322452
2019-06-17 14:32:32,888 DEBUG  [main] - Server is running!
2019-06-17 14:32:39,703 SECURITY  [Thread-2] - User alexander.tebenkov login
2019-06-17 14:32:45,904 SECURITY  [Thread-1] - User dmitriy.suslennikov login
2019-06-17 14:32:52,853 INFO  [Thread-2] - User alexander.tebenkov: Load pallet. Rack1 B3 14535322452
2019-06-17 14:33:51,087 SECURITY  [Thread-4] - User alexander.tebenkov login
2019-06-17 14:33:56,308 SECURITY  [Thread-3] - User dmitriy.suslennikov login
2019-06-17 14:34:01,889 INFO  [Thread-4] - User alexander.tebenkov: Load pallet. Rack1 A3 14535322452
2019-06-17 14:34:24,567 SECURITY  [Thread-6] - User alexander.tebenkov login
2019-06-17 14:34:31,463 SECURITY  [Thread-5] - User alexander.bush login
2019-06-17 14:34:46,462 INFO  [Thread-6] - User alexander.tebenkov: Load pallet. Rack1 C1 14535322452-01
2019-06-17 14:56:06,304 SECURITY  [Thread-7] - User alexander.bush login
2019-06-17 14:56:12,383 SECURITY  [Thread-8] - User dmitriy.suslennikov login
2019-06-17 14:56:22,072 INFO  [Thread-8] - User dmitriy.suslennikov: Load pallet. Rack1 E2 14535322452-01
2019-06-17 15:00:18,408 SECURITY  [Thread-9] - User alexander.tebenkov login
2019-06-17 15:00:22,469 SECURITY  [Thread-10] - User dmitriy.suslennikov login
2019-06-17 15:00:32,872 INFO  [Thread-9] - User alexander.tebenkov: Load pallet. Rack1 F3 14535322452
2019-06-17 15:04:16,657 SECURITY  [Thread-11] - User alexander.tebenkov login
2019-06-17 15:04:41,259 SECURITY  [Thread-12] - User dmitriy.suslennikov login
2019-06-17 15:05:10,670 INFO  [Thread-11] - User alexander.tebenkov: Load pallet. Rack1 F5 61021230234-03
2019-06-18 08:37:44,963 DEBUG  [main] - Server is running!
2019-06-18 08:37:52,601 SECURITY  [Thread-2] - User dmitriy.suslennikov login
2019-06-18 15:05:03,652 DEBUG  [main] - Server is running!
2019-06-19 11:38:10,310 DEBUG  [main] - Server is running!
2019-06-20 09:34:59,570 DEBUG  [main] - Server is running!
2019-06-20 11:02:30,004 DEBUG  [main] - Server is running!
2019-06-20 11:02:40,238 SECURITY  [Thread-2] - User alexander.bush login
2019-06-20 11:03:07,972 SECURITY  [Thread-3] - User dmitriy.suslennikov login
2019-06-20 11:04:46,961 SECURITY  [Thread-4] - User alexander.bush login
2019-06-20 11:06:52,555 SECURITY  [Thread-5] - User alexander.bush login
2019-06-20 11:07:22,104 SECURITY  [Thread-6] - User alexander.bush login
2019-06-20 11:08:03,899 SECURITY  [Thread-7] - User alexander.bush login
2019-06-25 14:34:58,709 DEBUG  [main] - Server is running!
2019-06-25 14:35:11,022 SECURITY  [Thread-2] - User dmitriy.suslennikov login
2019-06-25 14:35:15,713 SECURITY  [Thread-3] - User alexander.bush login
2019-06-25 14:35:26,941 INFO  [Thread-2] - User dmitriy.suslennikov: Load pallet. Rack1 B1 14535322452
2019-06-25 14:39:56,626 DEBUG  [main] - Server is running!
2019-06-25 14:40:34,597 SECURITY  [Thread-3] - User alexander.bush login
2019-06-25 14:40:40,987 SECURITY  [Thread-2] - User alexander.tebenkov login
2019-06-25 14:41:11,665 INFO  [Thread-3] - User alexander.bush: Load pallet. Rack1 D1 61021230234-01
2019-06-25 14:46:34,908 SECURITY  [Thread-5] - User alexander.bush login
2019-06-25 14:46:43,107 SECURITY  [Thread-6] - User dmitriy.suslennikov login
2019-06-25 14:46:52,855 INFO  [Thread-5] - User alexander.bush: Load pallet. Rack1 C2 14535322452
2019-06-25 14:47:19,711 DEBUG  [main] - Server is running!
2019-06-25 14:47:26,521 SECURITY  [Thread-2] - User dmitriy.suslennikov login
2019-06-25 14:47:42,780 SECURITY  [Thread-3] - User alexander.bush login
2019-06-25 14:47:50,450 INFO  [Thread-2] - User dmitriy.suslennikov: Load pallet. Rack1 B7 61021230234-03
2019-06-25 14:48:19,890 DEBUG  [main] - Server is running!
2019-06-25 14:48:30,250 SECURITY  [Thread-3] - User alexander.bush login
2019-06-25 14:48:37,511 SECURITY  [Thread-2] - User dmitriy.suslennikov login
2019-06-25 14:48:58,978 INFO  [Thread-3] - User alexander.bush: Load pallet. Rack1 F1 14535322452-01
2019-06-25 15:05:56,217 DEBUG  [main] - Server is running!
2019-06-25 15:09:48,659 DEBUG  [main] - Server is running!
2019-06-25 15:10:31,765 DEBUG  [main] - Server is running!
2019-06-25 15:13:11,627 DEBUG  [main] - Server is running!
2019-06-25 15:13:47,475 SECURITY  [Thread-3] - User dmitriy.suslennikov login
2019-06-25 15:13:52,438 SECURITY  [Thread-2] - User alexander.bush login
2019-06-25 15:15:27,469 DEBUG  [main] - Server is running!
2019-06-25 15:15:43,814 SECURITY  [Thread-2] - User dmitriy.suslennikov login
2019-06-25 15:15:54,400 SECURITY  [Thread-3] - User alexander.bush login
2019-06-25 15:16:38,689 SECURITY  [Thread-4] - User dmitriy.suslennikov login
2019-06-25 15:17:33,455 SECURITY  [Thread-5] - User dmitriy.suslennikov login
2019-06-25 15:19:29,668 SECURITY  [Thread-6] - User dmitriy.suslennikov login
2019-06-25 15:26:06,604 DEBUG  [main] - Server is running!
2019-06-25 15:26:11,947 SECURITY  [Thread-2] - User alexander.bush login
2019-06-26 11:47:41,397 DEBUG  [main] - Server is running!
2019-06-26 13:28:20,968 DEBUG  [main] - Server is running!
2019-06-26 13:31:57,014 SECURITY  [Thread-2] - User alexander.tebenkov login
2019-06-26 13:32:18,863 SECURITY  [Thread-3] - User dmitriy.suslennikov login
2019-06-26 13:32:54,895 INFO  [Thread-2] - User alexander.tebenkov: Load pallet. Rack1 C5 14535322452
2019-06-26 13:37:38,783 DEBUG  [main] - Server is running!
2019-06-26 13:37:46,999 SECURITY  [Thread-2] - User dmitriy.suslennikov login
2019-06-26 13:37:55,491 SECURITY  [Thread-3] - User alexander.bush login
2019-06-26 13:38:21,339 INFO  [Thread-2] - User dmitriy.suslennikov: Load pallet. Rack1 D5 14535322452
2019-06-26 13:41:41,541 DEBUG  [main] - Server is running!
2019-06-26 13:41:50,417 SECURITY  [Thread-2] - User dmitriy.suslennikov login
2019-06-26 13:42:12,935 SECURITY  [Thread-3] - User alexander.bush login
2019-06-26 13:42:22,300 INFO  [Thread-2] - User dmitriy.suslennikov: Load pallet. Rack1 E5 14535322452
2019-06-26 13:48:30,827 SECURITY  [Thread-4] - User alexander.bush login
2019-06-26 13:48:47,323 SECURITY  [Thread-5] - User dmitriy.suslennikov login
2019-06-26 13:49:00,339 INFO  [Thread-4] - User alexander.bush: Load pallet. Rack1 A5 61021230234-03
2019-06-26 13:56:36,678 SECURITY  [Thread-6] - User alexander.bush login
2019-06-26 14:01:27,497 SECURITY  [Thread-7] - User alexander.bush login
2019-06-26 14:10:29,493 SECURITY  [Thread-8] - User alexander.bush login
2019-06-26 14:11:51,914 SECURITY  [Thread-9] - User alexander.bush login
2019-06-26 14:12:21,601 SECURITY  [Thread-10] - User alexander.bush login
2019-06-26 14:13:33,398 SECURITY  [Thread-11] - User alexander.bush login
2019-06-26 14:31:57,748 SECURITY  [Thread-12] - User alexander.bush login
2019-06-26 14:32:36,742 SECURITY  [Thread-13] - User dmitriy.suslennikov login
2019-06-26 14:40:41,862 SECURITY  [Thread-14] - User alexander.bush login
2019-06-26 14:43:16,117 SECURITY  [Thread-15] - User alexander.bush login
2019-06-27 13:29:36,219 DEBUG  [main] - Server is running!
2019-06-27 13:29:43,903 SECURITY  [Thread-2] - User alexander.bush login
2019-06-27 13:30:54,177 SECURITY  [Thread-3] - User alexander.bush login
2019-06-27 13:43:54,751 SECURITY  [Thread-4] - User alexander.bush login
2019-06-27 13:44:13,164 SECURITY  [Thread-5] - User alexander.bush login
2019-06-27 13:44:43,575 SECURITY  [Thread-6] - User alexander.bush login
2019-06-27 13:48:42,699 SECURITY  [Thread-7] - User alexander.bush login
2019-06-27 13:50:03,840 SECURITY  [Thread-8] - User alexander.bush login
2019-06-27 13:52:54,978 SECURITY  [Thread-9] - User alexander.bush login
2019-06-27 13:56:50,035 SECURITY  [Thread-10] - User dmitriy.suslennikov login
2019-06-27 13:57:24,547 SECURITY  [Thread-11] - User dmitriy.suslennikov login
2019-06-27 14:07:30,754 SECURITY  [Thread-12] - User dmitriy.suslennikov login
2019-06-27 14:08:10,022 SECURITY  [Thread-13] - User alexander.bush login
2019-06-27 14:12:08,017 SECURITY  [Thread-14] - User dmitriy.suslennikov login
2019-06-27 14:13:26,685 SECURITY  [Thread-15] - User alexander.bush login
2019-06-27 15:06:46,084 SECURITY  [Thread-16] - User dmitriy.suslennikov login
2019-06-27 15:07:26,052 SECURITY  [Thread-17] - User dmitriy.suslennikov login
2019-06-27 15:13:43,968 SECURITY  [Thread-18] - User dmitriy.suslennikov login
2019-06-27 15:15:35,140 SECURITY  [Thread-19] - User dmitriy.suslennikov login
2019-06-27 15:16:10,014 INFO  [Thread-19] - User dmitriy.suslennikov: Load pallet. Rack1 B4 61021230234-01
2019-06-27 15:16:44,627 DEBUG  [main] - Server is running!
2019-06-27 15:16:57,339 SECURITY  [Thread-2] - User dmitriy.suslennikov login
2019-06-27 15:17:19,393 INFO  [Thread-2] - User dmitriy.suslennikov: Load pallet. Rack1 B5 61021230234-03
2019-06-27 15:18:27,969 INFO  [Thread-2] - User dmitriy.suslennikov: Load pallet. Rack1 B5 61021230234-03
2019-06-27 15:19:55,774 SECURITY  [Thread-4] - User dmitriy.suslennikov login
2019-06-27 15:24:34,358 DEBUG  [main] - Server is running!
2019-06-27 15:24:39,709 SECURITY  [Thread-2] - User alexander.bush login
2019-06-27 15:25:14,047 SECURITY  [Thread-3] - User dmitriy.suslennikov login
2019-06-27 15:27:26,426 SECURITY  [Thread-4] - User dmitriy.suslennikov login
2019-06-27 15:27:37,811 SECURITY  [Thread-5] - User dmitriy.suslennikov login
2019-06-27 15:28:42,039 SECURITY  [Thread-6] - User dmitriy.suslennikov login
2019-06-27 15:30:21,402 SECURITY  [Thread-7] - User dmitriy.suslennikov login
2019-06-27 15:30:58,939 INFO  [Thread-7] - User dmitriy.suslennikov: Load pallet. Rack1 C3 61021230234-01
2019-06-27 15:37:36,653 DEBUG  [main] - Server is running!
2019-06-27 15:38:15,645 SECURITY  [Thread-2] - User dmitriy.suslennikov login
2019-06-27 15:39:35,482 INFO  [Thread-2] - User dmitriy.suslennikov: Load pallet. Rack1 E3 61021230234-01
2019-06-27 15:40:15,795 INFO  [Thread-2] - User dmitriy.suslennikov: Load pallet. Rack1 D4 61021230234-01
2019-06-27 15:42:27,422 SECURITY  [Thread-3] - User dmitriy.suslennikov login
2019-06-27 15:42:40,448 INFO  [Thread-3] - User dmitriy.suslennikov: Load pallet. Rack3 C1 14535322452
2019-06-27 15:43:07,449 INFO  [Thread-3] - User dmitriy.suslennikov: Load pallet. Rack3 D1 14535322452-01
2019-06-30 18:50:55,731 DEBUG  [main] - Server is running!
2019-06-30 18:51:18,065 SECURITY  [Thread-2] - User alexander.tebenkov login
2019-06-30 18:51:54,100 INFO  [Thread-2] - User alexander.tebenkov: Load pallet. Rack1 F4 14535322452
2019-06-30 18:52:17,824 INFO  [Thread-2] - User alexander.tebenkov: PickUp pallet. Rack1 D2 14535322452
2019-07-01 13:46:15,955 DEBUG  [main] - Server is running!
2019-07-01 13:50:56,103 DEBUG  [main] - Server is running!
2019-07-01 15:42:56,618 DEBUG  [main] - Server is running!
2019-07-01 15:43:06,101 SECURITY  [Thread-2] - User alexander.tebenkov login
2019-07-01 15:43:26,764 SECURITY  [Thread-3] - User dmitriy.suslennikov login
2019-07-01 15:43:57,697 SECURITY  [Thread-4] - User dmitriy.suslennikov login
2019-07-01 15:57:53,364 SECURITY  [Thread-5] - User dmitriy.suslennikov login
2019-07-01 15:58:03,814 SECURITY  [Thread-6] - User dmitriy.suslennikov login
2019-07-01 15:58:34,590 DEBUG  [main] - Server is running!
2019-07-01 15:58:42,167 SECURITY  [Thread-2] - User dmitriy.suslennikov login
2019-07-01 15:58:44,736 INFO  [Thread-2] - User dmitriy.suslennikov: PickUp pallet. Rack1 E3 14535322452
2019-07-01 15:58:55,458 INFO  [Thread-2] - User dmitriy.suslennikov: PickUp pallet. Rack1 E5 14535322452
2019-07-01 15:58:59,696 INFO  [Thread-2] - User dmitriy.suslennikov: PickUp pallet. Rack1 E3 14535322452
2019-07-01 15:59:03,782 INFO  [Thread-2] - User dmitriy.suslennikov: PickUp pallet. Rack1 F5 14535322452
2019-07-01 15:59:09,137 INFO  [Thread-2] - User dmitriy.suslennikov: PickUp pallet. Rack1 F5 14535322452
2019-07-01 15:59:12,242 INFO  [Thread-2] - User dmitriy.suslennikov: PickUp pallet. Rack1 D6 14535322452
2019-07-01 15:59:39,119 DEBUG  [main] - Server is running!
2019-07-01 15:59:46,465 SECURITY  [Thread-2] - User dmitriy.suslennikov login
2019-07-01 16:01:23,339 INFO  [Thread-2] - User dmitriy.suslennikov: PickUp pallet. Rack1 E3 14535322452
2019-07-01 16:01:55,122 INFO  [Thread-2] - User dmitriy.suslennikov: PickUp pallet. Rack1 E3 14535322452
2019-07-01 16:02:52,672 DEBUG  [main] - Server is running!
2019-07-01 16:03:00,057 SECURITY  [Thread-2] - User dmitriy.suslennikov login
2019-07-01 16:04:12,234 SECURITY  [Thread-3] - User dmitriy.suslennikov login
2019-07-01 16:06:54,569 DEBUG  [main] - Server is running!
2019-07-01 16:07:01,958 SECURITY  [Thread-2] - User dmitriy.suslennikov login
2019-07-01 16:07:13,658 INFO  [Thread-2] - User dmitriy.suslennikov: PickUp pallet. Rack1 E3 61021230234-01
2019-07-01 16:07:31,069 INFO  [Thread-2] - User dmitriy.suslennikov: PickUp pallet. Rack1 E2 14535322452-01
2019-07-01 16:07:33,217 INFO  [Thread-2] - User dmitriy.suslennikov: PickUp pallet. Rack1 D1 61021230234-01
2019-07-02 10:42:09,191 DEBUG  [main] - Server is running!
2019-07-02 10:42:18,233 SECURITY  [Thread-2] - User dmitriy.suslennikov login
2019-07-02 10:43:36,308 SECURITY  [Thread-3] - User alexander.bush login
2019-07-02 10:44:03,116 SECURITY  [Thread-4] - User alexander.bush login
2019-07-02 11:50:39,156 DEBUG  [main] - Server is running!
2019-07-02 11:50:47,825 SECURITY  [Thread-2] - User alexander.bush login
2019-07-02 11:51:05,940 SECURITY  [Thread-3] - User dmitriy.suslennikov login
2019-07-02 11:51:46,392 DEBUG  [main] - Server is running!
2019-07-02 11:51:55,744 SECURITY  [Thread-2] - User alexander.bush login
2019-07-02 11:52:22,980 DEBUG  [main] - Server is running!
2019-07-02 11:52:44,122 SECURITY  [Thread-2] - User alexander.tebenkov login
2019-07-02 11:54:36,458 DEBUG  [main] - Server is running!
2019-07-02 11:54:43,970 SECURITY  [Thread-2] - User alexander.bush login
2019-07-02 11:54:57,397 SECURITY  [Thread-3] - User dmitriy.suslennikov login
2019-07-02 11:56:04,303 SECURITY  [Thread-5] - User alexander.tebenkov login
2019-07-02 12:58:26,194 DEBUG  [main] - Server is running!
2019-07-02 12:58:34,082 SECURITY  [Thread-2] - User alexander.bush login
2019-07-02 12:59:43,154 DEBUG  [main] - Server is running!
2019-07-02 12:59:49,216 SECURITY  [Thread-2] - User dmitriy.suslennikov login
2019-07-02 13:00:31,191 SECURITY  [Thread-3] - User alexander.bush login
2019-07-02 13:02:03,335 SECURITY  [Thread-4] - User alexander.tebenkov login
2019-07-02 13:02:34,866 SECURITY  [Thread-5] - User dmitriy.suslennikov login
2019-07-02 13:05:29,522 DEBUG  [main] - Server is running!
2019-07-02 13:05:36,441 SECURITY  [Thread-2] - User alexander.bush login
2019-07-02 13:05:40,979 INFO  [Thread-2] - User alexander.bush: Load pallet. Rack1 C4 14535322452
2019-07-02 13:05:48,971 INFO  [Thread-2] - User alexander.bush: Load pallet. Rack1 D4 61021230234-01
2019-07-02 13:05:55,876 INFO  [Thread-2] - User alexander.bush: Load pallet. Rack1 B3 61021230234-01
2019-07-02 13:06:01,649 INFO  [Thread-2] - User alexander.bush: Load pallet. Rack1 C3 14535322452
2019-07-03 09:46:55,850 DEBUG  [main] - Server is running!
2019-07-03 09:49:00,824 DEBUG  [main] - Server is running!
2019-07-03 09:49:09,487 SECURITY  [Thread-2] - User vasya.pupkin login
2019-07-03 09:52:51,655 SECURITY  [Thread-3] - User vasya.pupkin login
2019-07-03 09:53:12,213 SECURITY  [Thread-5] - User dmitriy.suslennikov login
2019-07-03 10:07:24,596 DEBUG  [main] - Server is running!
2019-07-03 10:07:31,874 SECURITY  [Thread-2] - User vasya.pupkin login
2019-07-03 10:07:45,924 SECURITY  [Thread-3] - User dmitriy.suslennikov login
2019-07-03 10:07:56,708 SECURITY  [Thread-4] - User alexander.tebenkov login
2019-07-03 10:12:53,338 DEBUG  [main] - Server is running!
2019-07-03 10:13:02,626 SECURITY  [Thread-2] - User alexander.bush login
2019-07-03 10:13:16,991 SECURITY  [Thread-3] - User alexander.tebenkov login
2019-07-03 13:04:26,112 DEBUG  [main] - Server is running!
2019-07-03 13:04:30,821 SECURITY  [Thread-2] - User alexander.bush login
2019-07-03 13:05:29,211 SECURITY  [Thread-3] - User alexander.bush login
2019-07-03 14:17:04,241 DEBUG  [main] - Server is running!
2019-07-03 14:17:08,789 SECURITY  [Thread-2] - User alexander.bush login
2019-07-03 14:17:17,535 SECURITY  [Thread-3] - User dmitriy.suslennikov login
2019-07-03 15:20:35,859 SECURITY  [Thread-4] - User dmitriy.suslennikov login
2019-07-03 15:52:14,436 DEBUG  [main] - Server is running!
2019-07-03 15:52:34,739 SECURITY  [Thread-3] - User alexander.tebenkov login
2019-07-03 15:58:42,892 DEBUG  [main] - Server is running!
2019-07-03 15:58:53,482 SECURITY  [Thread-2] - User dmitriy.suslennikov login
2019-07-04 15:01:42,629 DEBUG  [main] - Server is running!
2019-07-04 15:01:55,726 SECURITY  [Thread-2] - User dmitriy.suslennikov login
2019-07-04 15:03:08,841 DEBUG  [main] - Server is running!
2019-07-04 15:04:01,612 SECURITY  [Thread-4] - User dmitriy.suslennikov login
2019-07-04 15:05:15,693 DEBUG  [main] - Server is running!
2019-07-04 15:05:25,839 SECURITY  [Thread-2] - User dmitriy.suslennikov login
2019-07-04 15:07:21,241 DEBUG  [main] - Server is running!
2019-07-04 15:07:31,351 SECURITY  [Thread-2] - User dmitriy.suslennikov login
2019-07-04 15:09:18,662 SECURITY  [Thread-3] - User dmitriy.suslennikov login
2019-07-04 15:10:18,471 SECURITY  [Thread-4] - User dmitriy.suslennikov login
2019-07-04 15:10:33,318 DEBUG  [main] - Server is running!
2019-07-04 15:10:43,914 SECURITY  [Thread-2] - User dmitriy.suslennikov login
2019-07-04 15:18:13,388 DEBUG  [main] - Server is running!
2019-07-04 15:18:23,180 SECURITY  [Thread-2] - User dmitriy.suslennikov login
2019-07-04 15:19:45,754 DEBUG  [main] - Server is running!
2019-07-04 15:19:56,135 SECURITY  [Thread-2] - User dmitriy.suslennikov login
2019-07-04 15:22:21,233 DEBUG  [main] - Server is running!
2019-07-04 15:22:29,437 SECURITY  [Thread-2] - User dmitriy.suslennikov login
2019-07-04 15:26:12,999 DEBUG  [main] - Server is running!
2019-07-04 15:27:11,157 SECURITY  [Thread-2] - User dmitriy.suslennikov login
2019-07-04 15:32:52,022 SECURITY  [Thread-3] - User dmitriy.suslennikov login
2019-07-04 15:35:05,976 SECURITY  [Thread-4] - User dmitriy.suslennikov login
2019-07-04 15:36:43,589 DEBUG  [main] - Server is running!
2019-07-04 15:36:50,536 SECURITY  [Thread-2] - User dmitriy.suslennikov login
2019-07-04 15:37:59,187 SECURITY  [Thread-3] - User dmitriy.suslennikov login
2019-07-04 15:46:30,129 DEBUG  [main] - Server is running!
2019-07-04 15:46:38,437 SECURITY  [Thread-2] - User dmitriy.suslennikov login
2019-07-04 15:47:19,431 SECURITY  [Thread-3] - User dmitriy.suslennikov login
2019-07-04 15:47:46,784 SECURITY  [Thread-4] - User dmitriy.suslennikov login
2019-07-04 16:30:13,858 DEBUG  [main] - Server is running!
2019-07-04 16:30:22,686 SECURITY  [Thread-2] - User dmitriy.suslennikov login
2019-07-04 16:38:46,322 SECURITY  [Thread-3] - User dmitriy.suslennikov login
2019-07-04 16:39:30,715 DEBUG  [main] - Server is running!
2019-07-04 16:39:41,197 SECURITY  [Thread-2] - User dmitriy.suslennikov login
2019-07-04 16:42:02,751 SECURITY  [Thread-3] - User dmitriy.suslennikov login
2019-07-04 16:43:34,074 SECURITY  [Thread-4] - User dmitriy.suslennikov login
2019-07-04 16:48:23,803 SECURITY  [Thread-5] - User dmitriy.suslennikov login
2019-07-05 09:33:55,788 DEBUG  [main] - Server is running!
2019-07-05 09:34:05,893 SECURITY  [Thread-2] - User dmitriy.suslennikov login
2019-07-05 09:35:03,332 DEBUG  [main] - Server is running!
2019-07-05 09:35:11,839 SECURITY  [Thread-2] - User dmitriy.suslennikov login
2019-07-05 09:37:14,625 SECURITY  [Thread-3] - User dmitriy.suslennikov login
2019-07-05 09:38:43,194 SECURITY  [Thread-4] - User vasya.pupkin login
2019-07-05 09:39:40,585 SECURITY  [Thread-5] - User dmitriy.suslennikov login
2019-07-05 11:20:14,864 DEBUG  [main] - Server is running!
2019-07-05 11:27:38,037 SECURITY  [Thread-2] - User dmitriy.suslennikov login
2019-07-05 11:28:29,308 SECURITY  [Thread-3] - User dmitriy.suslennikov login
2019-07-05 11:29:30,147 SECURITY  [Thread-4] - User dmitriy.suslennikov login
2019-07-05 11:32:01,122 SECURITY  [Thread-5] - User dmitriy.suslennikov login
2019-07-05 11:51:04,127 SECURITY  [Thread-6] - User dmitriy.suslennikov login
2019-07-05 11:52:12,134 SECURITY  [Thread-7] - User dmitriy.suslennikov login
2019-07-05 12:43:28,430 SECURITY  [Thread-8] - User dmitriy.suslennikov login
2019-07-05 12:46:44,623 SECURITY  [Thread-9] - User dmitriy.suslennikov login
2019-07-05 12:50:08,725 SECURITY  [Thread-10] - User dmitriy.suslennikov login
2019-07-05 12:52:23,707 SECURITY  [Thread-11] - User dmitriy.suslennikov login
2019-07-05 12:53:27,403 SECURITY  [Thread-12] - User dmitriy.suslennikov login
2019-07-05 12:54:33,741 SECURITY  [Thread-13] - User dmitriy.suslennikov login
2019-07-05 12:55:28,494 SECURITY  [Thread-14] - User dmitriy.suslennikov login
2019-07-05 12:56:56,845 SECURITY  [Thread-15] - User dmitriy.suslennikov login
2019-07-05 12:59:39,143 SECURITY  [Thread-16] - User dmitriy.suslennikov login
2019-07-05 13:00:33,902 SECURITY  [Thread-17] - User dmitriy.suslennikov login
2019-07-05 13:04:09,176 DEBUG  [main] - Server is running!
2019-07-05 13:04:14,536 SECURITY  [Thread-2] - User dmitriy.suslennikov login
2019-07-05 13:06:49,382 SECURITY  [Thread-3] - User dmitriy.suslennikov login
2019-07-05 13:08:32,875 SECURITY  [Thread-4] - User dmitriy.suslennikov login
2019-07-05 13:09:31,970 SECURITY  [Thread-5] - User dmitriy.suslennikov login
2019-07-05 13:13:27,274 SECURITY  [Thread-6] - User dmitriy.suslennikov login
2019-07-05 13:19:26,706 SECURITY  [Thread-7] - User dmitriy.suslennikov login
2019-07-05 13:20:56,077 SECURITY  [Thread-8] - User dmitriy.suslennikov login
2019-07-05 13:22:21,261 SECURITY  [Thread-9] - User dmitriy.suslennikov login
2019-07-05 13:26:09,048 SECURITY  [Thread-10] - User dmitriy.suslennikov login
2019-07-05 13:33:37,998 SECURITY  [Thread-11] - User dmitriy.suslennikov login
2019-07-05 13:53:26,442 SECURITY  [Thread-12] - User dmitriy.suslennikov login
2019-07-05 13:56:03,502 SECURITY  [Thread-13] - User dmitriy.suslennikov login
2019-07-05 13:56:26,969 SECURITY  [Thread-14] - User dmitriy.suslennikov login
2019-07-05 14:03:13,519 SECURITY  [Thread-16] - User dmitriy.suslennikov login
2019-07-05 14:06:02,944 SECURITY  [Thread-17] - User dmitriy.suslennikov login
2019-07-05 14:08:11,035 SECURITY  [Thread-18] - User dmitriy.suslennikov login
2019-07-05 14:19:00,305 SECURITY  [Thread-19] - User dmitriy.suslennikov login
2019-07-05 14:19:34,628 SECURITY  [Thread-20] - User dmitriy.suslennikov login
2019-07-05 14:23:16,286 SECURITY  [Thread-21] - User dmitriy.suslennikov login
2019-07-05 14:23:53,184 SECURITY  [Thread-22] - User dmitriy.suslennikov login
2019-07-05 14:24:37,645 SECURITY  [Thread-23] - User dmitriy.suslennikov login
2019-07-05 14:31:51,375 SECURITY  [Thread-24] - User dmitriy.suslennikov login
2019-07-05 14:34:48,651 SECURITY  [Thread-25] - User dmitriy.suslennikov login
2019-07-05 14:36:08,531 SECURITY  [Thread-26] - User dmitriy.suslennikov login
2019-07-05 14:37:55,752 SECURITY  [Thread-27] - User dmitriy.suslennikov login
2019-07-05 14:42:08,465 SECURITY  [Thread-28] - User dmitriy.suslennikov login
2019-07-05 14:44:26,085 SECURITY  [Thread-29] - User dmitriy.suslennikov login
2019-07-05 14:50:54,953 SECURITY  [Thread-30] - User dmitriy.suslennikov login
2019-07-05 14:51:21,649 SECURITY  [Thread-31] - User dmitriy.suslennikov login
2019-07-05 14:52:05,366 SECURITY  [Thread-32] - User dmitriy.suslennikov login
2019-07-05 14:54:38,991 SECURITY  [Thread-33] - User dmitriy.suslennikov login
2019-07-05 14:55:31,217 SECURITY  [Thread-34] - User dmitriy.suslennikov login
2019-07-05 14:56:27,150 SECURITY  [Thread-35] - User dmitriy.suslennikov login
2019-07-05 14:57:58,042 SECURITY  [Thread-36] - User dmitriy.suslennikov login
2019-07-05 14:59:02,514 SECURITY  [Thread-37] - User dmitriy.suslennikov login
2019-07-05 15:05:20,140 SECURITY  [Thread-38] - User dmitriy.suslennikov login
2019-07-05 15:06:41,230 SECURITY  [Thread-39] - User dmitriy.suslennikov login
2019-07-05 15:24:10,030 SECURITY  [Thread-40] - User dmitriy.suslennikov login
2019-07-05 15:26:05,320 SECURITY  [Thread-41] - User dmitriy.suslennikov login
2019-07-05 15:28:47,710 SECURITY  [Thread-42] - User dmitriy.suslennikov login
2019-07-05 15:31:43,645 SECURITY  [Thread-43] - User dmitriy.suslennikov login
2019-07-05 15:33:22,639 SECURITY  [Thread-44] - User dmitriy.suslennikov login
2019-07-05 15:34:45,994 SECURITY  [Thread-45] - User dmitriy.suslennikov login
2019-07-05 15:35:51,238 SECURITY  [Thread-46] - User dmitriy.suslennikov login
2019-07-05 15:37:59,013 SECURITY  [Thread-47] - User dmitriy.suslennikov login
2019-07-08 19:10:17,567 DEBUG  [main] - Server is running!
2019-07-08 19:10:58,915 SECURITY  [Thread-2] - User dmitriy.suslennikov login
2019-07-08 19:13:53,636 DEBUG  [main] - Server is running!
2019-07-08 19:14:01,375 SECURITY  [Thread-2] - User dmitriy.suslennikov login
2019-07-08 19:16:03,297 DEBUG  [main] - Server is running!
2019-07-08 19:16:11,718 SECURITY  [Thread-2] - User dmitriy.suslennikov login
2019-07-08 19:18:05,243 DEBUG  [main] - Server is running!
2019-07-08 19:18:10,451 SECURITY  [Thread-2] - User dmitriy.suslennikov login
2019-07-08 19:20:30,675 DEBUG  [main] - Server is running!
2019-07-08 19:20:41,922 SECURITY  [Thread-2] - User dmitriy.suslennikov login
2019-07-08 19:22:48,777 DEBUG  [main] - Server is running!
2019-07-08 19:22:58,700 SECURITY  [Thread-2] - User dmitriy.suslennikov login
2019-07-08 19:26:56,100 DEBUG  [main] - Server is running!
2019-07-08 19:27:02,369 SECURITY  [Thread-2] - User dmitriy.suslennikov login
2019-07-08 19:28:21,312 DEBUG  [main] - Server is running!
2019-07-08 19:28:52,543 SECURITY  [Thread-2] - User dmitriy.suslennikov login
2019-07-08 19:29:32,635 INFO  [Thread-2] - User dmitriy.suslennikov: Load pallet. Rack1 D3 14535322452
2019-07-08 19:30:45,219 SECURITY  [Thread-3] - User dmitriy.suslennikov login
2019-07-08 19:33:21,426 DEBUG  [main] - Server is running!
2019-07-08 19:33:29,484 SECURITY  [Thread-2] - User dmitriy.suslennikov login
2019-07-09 14:28:04,602 DEBUG  [main] - Server is running!
2019-07-09 14:28:17,901 SECURITY  [Thread-2] - User dmitriy.suslennikov login
2019-07-09 14:53:00,985 DEBUG  [main] - Server is running!
2019-07-09 14:53:11,798 SECURITY  [Thread-2] - User dmitriy.suslennikov login
2019-07-09 14:58:55,919 DEBUG  [main] - Server is running!
2019-07-09 14:59:04,575 SECURITY  [Thread-2] - User dmitriy.suslennikov login
2019-07-09 15:00:46,782 DEBUG  [main] - Server is running!
2019-07-09 15:00:53,439 SECURITY  [Thread-2] - User dmitriy.suslennikov login
2019-07-09 15:04:20,489 DEBUG  [main] - Server is running!
2019-07-09 15:04:28,582 SECURITY  [Thread-2] - User dmitriy.suslennikov login
2019-07-09 15:16:34,388 DEBUG  [main] - Server is running!
2019-07-09 15:16:39,994 SECURITY  [Thread-2] - User dmitriy.suslennikov login
2019-07-09 15:20:46,013 DEBUG  [main] - Server is running!
2019-07-09 15:22:12,494 SECURITY  [Thread-2] - User vasya.pupkin login
2019-07-09 15:22:29,665 INFO  [Thread-2] - User vasya.pupkin: Load pallet. Rack1 C2 14535322452
2019-07-09 15:22:45,090 SECURITY  [Thread-3] - User alexander.bush login
2019-07-09 15:23:10,646 SECURITY  [Thread-4] - User alexander.tebenkov login
2019-07-09 15:23:53,992 SECURITY  [Thread-5] - User alexander.tebenkov login
2019-07-09 15:54:19,116 DEBUG  [main] - Server is running!
2019-07-09 15:54:58,396 SECURITY  [Thread-2] - User dmitriy.suslennikov login
2019-07-09 15:58:36,140 DEBUG  [main] - Server is running!
2019-07-09 15:58:49,802 SECURITY  [Thread-2] - User dmitriy.suslennikov login
2019-07-09 16:00:31,301 DEBUG  [main] - Server is running!
2019-07-09 16:00:39,251 SECURITY  [Thread-2] - User dmitriy.suslennikov login
2019-07-30 10:48:23,481 DEBUG  [main] - Server is running!
2019-07-30 10:48:37,285 SECURITY  [Thread-2] - User alexander.bush login
2019-07-30 10:50:34,158 DEBUG  [main] - Server is running!
2019-07-30 10:50:40,114 SECURITY  [Thread-2] - User dmitriy.suslennikov login
2019-07-30 10:52:57,292 SECURITY  [Thread-3] - User alexander.bush login
2019-07-30 10:54:17,346 SECURITY  [Thread-4] - User dmitriy.suslennikov login
2019-07-30 10:55:33,588 SECURITY  [Thread-5] - User dmitriy.suslennikov login
2019-07-30 10:55:52,779 SECURITY  [Thread-6] - User alexander.bush login
2019-07-30 10:57:53,185 SECURITY  [Thread-7] - User dmitriy.suslennikov login
2019-07-30 11:02:03,238 DEBUG  [main] - Server is running!
2019-07-30 11:02:12,081 SECURITY  [Thread-2] - User dmitriy.suslennikov login
2019-07-30 11:04:51,112 SECURITY  [Thread-3] - User dmitriy.suslennikov login
2019-07-30 11:20:21,487 SECURITY  [Thread-4] - User dmitriy.suslennikov login
2019-07-30 11:21:28,485 SECURITY  [Thread-5] - User dmitriy.suslennikov login
2019-07-30 11:25:08,864 SECURITY  [Thread-6] - User dmitriy.suslennikov login
2019-07-30 11:35:53,864 SECURITY  [Thread-7] - User dmitriy.suslennikov login
2019-07-30 11:39:58,167 SECURITY  [Thread-8] - User dmitriy.suslennikov login
2019-07-31 15:40:42,389 DEBUG  [main] - Server is running!
2019-07-31 15:40:55,492 SECURITY  [Thread-2] - User dmitriy.suslennikov login
2019-07-31 15:42:35,423 SECURITY  [Thread-3] - User dmitriy.suslennikov login
2019-07-31 16:53:26,279 DEBUG  [main] - Server is running!
2019-07-31 16:53:35,584 SECURITY  [Thread-2] - User dmitriy.suslennikov login
2019-08-01 14:47:57,757 DEBUG  [main] - Server is running!
2019-08-01 14:48:10,799 SECURITY  [Thread-2] - User dmitriy.suslennikov login
2019-08-01 14:49:17,840 SECURITY  [Thread-3] - User dmitriy.suslennikov login
2019-08-01 15:11:17,973 SECURITY  [Thread-4] - User dmitriy.suslennikov login
2019-08-01 15:16:26,417 DEBUG  [main] - Server is running!
2019-08-01 15:17:15,731 SECURITY  [Thread-2] - User dmitriy.suslennikov login
2019-08-01 15:19:39,428 SECURITY  [Thread-3] - User dmitriy.suslennikov login
2019-08-01 15:20:57,940 SECURITY  [Thread-4] - User admin login
2019-08-01 15:34:29,633 SECURITY  [Thread-5] - User dmitriy.suslennikov login
2019-08-01 19:04:25,314 DEBUG  [main] - Server is running!
2019-08-01 19:04:40,668 SECURITY  [Thread-2] - User dmitriy.suslennikov login
2019-08-01 19:06:22,219 SECURITY  [Thread-3] - User alexander.tebenkov login
2019-08-01 19:20:22,073 SECURITY  [Thread-4] - User alexander.tebenkov login
2019-08-01 19:22:53,185 SECURITY  [Thread-5] - User admin login
2019-08-01 19:23:36,193 SECURITY  [Thread-6] - User admin login
2019-08-02 10:01:45,310 DEBUG  [main] - Server is running!
2019-08-02 10:02:12,444 SECURITY  [Thread-2] - User admin login
2019-08-02 10:03:02,314 SECURITY  [Thread-4] - User admin login
2019-08-02 10:05:06,729 SECURITY  [Thread-5] - User admin login
2019-08-02 10:06:10,245 SECURITY  [Thread-6] - User dmitriy.suslennikov login
2019-08-02 10:06:37,258 SECURITY  [Thread-7] - User dmitriy.suslennikov login
2019-08-02 10:09:05,757 DEBUG  [main] - Server is running!
2019-08-02 10:09:16,620 SECURITY  [Thread-2] - User admin login
2019-08-02 10:14:35,817 SECURITY  [Thread-3] - User dmitriy.suslennikov login
2019-08-02 10:15:01,976 SECURITY  [Thread-5] - User dmitriy.suslennikov login
2019-08-02 10:16:15,707 SECURITY  [Thread-7] - User alexander.bush login
2019-08-02 10:16:27,653 SECURITY  [Thread-8] - User dmitriy.suslennikov login
2019-08-02 10:26:12,885 SECURITY  [Thread-10] - User dmitriy.suslennikov login
2019-08-02 10:26:54,062 SECURITY  [Thread-11] - User dmitriy.suslennikov login
2019-08-02 10:27:15,764 SECURITY  [Thread-13] - User dmitriy.suslennikov login
2019-08-02 10:28:02,527 SECURITY  [Thread-15] - User dmitriy.suslennikov login
2019-08-02 10:28:35,761 SECURITY  [Thread-16] - User vasya.pupkin login
2019-08-02 10:28:51,925 SECURITY  [Thread-17] - User vasya.pupkin login
2019-08-02 10:29:17,598 SECURITY  [Thread-18] - User dmitriy.suslennikov login
2019-08-02 10:29:29,408 SECURITY  [Thread-19] - User vasya.pupkin login
2019-08-02 10:29:45,343 SECURITY  [Thread-20] - User vasya.pupkin login
2019-08-02 10:44:29,999 DEBUG  [main] - Server is running!
2019-08-02 10:51:51,728 SECURITY  [Thread-2] - User vasya.pupkin login
2019-08-02 10:52:15,378 DEBUG  [main] - Server is running!
2019-08-02 10:52:34,306 SECURITY  [Thread-2] - User dmitriy.suslennikov login
2019-08-02 10:55:12,392 DEBUG  [main] - Server is running!
2019-08-02 10:55:21,458 SECURITY  [Thread-2] - User vasya.pupkin login
2019-08-02 10:55:31,197 SECURITY  [Thread-3] - User alexander.filippov login
2019-08-02 11:00:15,618 SECURITY  [Thread-4] - User vasya.pupkin login
2019-08-02 11:00:23,433 SECURITY  [Thread-5] - User alexander.filippov login
2019-08-02 11:01:20,652 DEBUG  [main] - Server is running!
2019-08-02 11:07:37,294 SECURITY  [Thread-2] - User vasya.pupkin login
2019-08-02 11:31:52,134 SECURITY  [Thread-3] - User vasya.pupkin login
2019-08-02 13:21:23,458 DEBUG  [main] - Server is running!
2019-08-02 13:26:49,321 SECURITY  [Thread-2] - User dmitriy.suslennikov login
2019-08-02 13:28:08,400 SECURITY  [Thread-3] - User dmitriy.suslennikov login
2019-08-02 14:28:39,523 SECURITY  [Thread-4] - User dmitriy.suslennikov login
2019-08-02 14:51:41,893 SECURITY  [Thread-5] - User dmitriy.suslennikov login
2019-08-02 14:52:34,667 SECURITY  [Thread-6] - User dmitriy.suslennikov login
2019-08-02 15:26:13,445 DEBUG  [main] - Server is running!
2019-08-02 15:26:22,393 SECURITY  [Thread-2] - User dmitriy.suslennikov login
2019-08-02 15:26:56,549 DEBUG  [main] - Server is running!
2019-08-02 15:27:27,786 SECURITY  [Thread-3] - User dmitriy.suslennikov login
2019-08-02 15:30:54,367 DEBUG  [main] - Server is running!
2019-08-02 15:31:15,372 SECURITY  [Thread-2] - User dmitriy.suslennikov login
2019-08-02 15:35:37,263 DEBUG  [main] - Server is running!
2019-08-02 15:35:48,231 SECURITY  [Thread-2] - User dmitriy.suslennikov login
2019-08-02 15:38:03,797 SECURITY  [Thread-3] - User dmitriy.suslennikov login
2019-08-02 15:40:48,040 SECURITY  [Thread-5] - User dmitriy.suslennikov login
2019-08-02 15:49:10,200 SECURITY  [Thread-6] - User dmitriy.suslennikov login
2019-08-02 15:50:14,313 SECURITY  [Thread-8] - User admin login
2019-08-02 15:58:08,699 SECURITY  [Thread-10] - User dmitriy.suslennikov login
2019-08-02 16:00:03,286 SECURITY  [Thread-12] - User dmitriy.suslennikov login
2019-08-02 16:19:38,383 SECURITY  [Thread-13] - User dmitriy.suslennikov login
2019-08-02 16:20:45,452 SECURITY  [Thread-14] - User dmitriy.suslennikov login
2019-08-02 16:21:42,489 DEBUG  [main] - Server is running!
2019-08-02 16:21:52,177 SECURITY  [Thread-2] - User dmitriy.suslennikov login
2019-08-02 16:23:12,350 DEBUG  [main] - Server is running!
2019-08-02 16:23:20,414 SECURITY  [Thread-2] - User dmitriy.suslennikov login
2019-08-02 16:23:36,265 SECURITY  [Thread-3] - User dmitriy.suslennikov login
2019-08-02 16:26:33,013 DEBUG  [main] - Server is running!
2019-08-02 16:26:40,899 SECURITY  [Thread-2] - User dmitriy.suslennikov login
2019-08-02 16:29:54,697 DEBUG  [main] - Server is running!
2019-08-02 16:30:01,109 SECURITY  [Thread-2] - User dmitriy.suslennikov login
2019-08-02 16:30:54,916 DEBUG  [main] - Server is running!
2019-08-02 16:31:01,666 SECURITY  [Thread-2] - User dmitriy.suslennikov login
2019-08-02 16:31:41,219 SECURITY  [Thread-3] - User dmitriy.suslennikov login
2019-08-02 16:41:12,777 DEBUG  [main] - Server is running!
2019-08-02 16:41:19,223 SECURITY  [Thread-2] - User dmitriy.suslennikov login
2019-08-02 16:45:30,854 SECURITY  [Thread-3] - User dmitriy.suslennikov login
2019-08-02 16:48:39,973 SECURITY  [Thread-4] - User admin login
2019-08-02 16:49:19,146 SECURITY  [Thread-5] - User admin login
2019-08-02 16:49:47,862 DEBUG  [main] - Server is running!
2019-08-02 16:49:57,509 SECURITY  [Thread-2] - User admin login
2019-08-02 16:50:57,280 DEBUG  [main] - Server is running!
2019-08-02 16:51:07,563 SECURITY  [Thread-2] - User dmitriy.suslennikov login
2019-08-02 16:53:13,938 DEBUG  [main] - Server is running!
2019-08-02 16:53:20,279 SECURITY  [Thread-2] - User dmitriy.suslennikov login
2019-08-02 19:41:41,206 DEBUG  [main] - Server is running!
2019-08-02 19:41:51,016 SECURITY  [Thread-2] - User dmitriy.suslennikov login
2019-08-02 19:43:36,816 SECURITY  [Thread-3] - User dmitriy.suslennikov login
2019-08-05 11:04:20,117 DEBUG  [main] - Server is running!
2019-08-05 11:04:45,779 SECURITY  [Thread-2] - User dmitriy.suslennikov login
2019-08-05 11:04:53,714 INFO  [Thread-2] - User dmitriy.suslennikov: Load pallet. Rack1 C3 14535322452
2019-08-05 11:04:56,188 INFO  [Thread-2] - User dmitriy.suslennikov: Load pallet. Rack1 D2 14535322452
2019-08-05 11:05:06,712 INFO  [Thread-2] - User dmitriy.suslennikov: Load pallet. Rack1 D4 14535322452
2019-08-05 11:05:11,233 INFO  [Thread-2] - User dmitriy.suslennikov: Load pallet. Rack1 D4 14535322452
2019-08-05 11:05:22,570 INFO  [Thread-2] - User dmitriy.suslennikov: Load pallet. Rack1 C5 61021230234-01
2019-08-05 11:08:26,485 SECURITY  [Thread-3] - User dmitriy.suslennikov login
2019-08-05 11:16:01,572 SECURITY  [Thread-4] - User dmitriy.suslennikov login
2019-08-05 11:17:45,515 SECURITY  [Thread-5] - User alexander.filippov login
2019-08-05 11:22:41,085 SECURITY  [Thread-6] - User vasya.pupkin login
2019-08-05 11:22:55,994 SECURITY  [Thread-7] - User vasya.pupkin login
2019-08-05 11:26:37,286 SECURITY  [Thread-8] - User vasya.pupkin login
2019-08-05 11:27:24,305 SECURITY  [Thread-9] - User vasya.pupkin login
2019-08-05 13:50:45,003 SECURITY  [Thread-10] - User dmitriy.suslennikov login
2019-08-05 13:51:41,727 SECURITY  [Thread-11] - User alexander.filippov login
2019-08-05 13:52:17,424 SECURITY  [Thread-12] - User alexander.filippov login
2019-08-05 13:53:43,909 SECURITY  [Thread-13] - User alexander.filippov login
2019-08-05 13:55:00,553 SECURITY  [Thread-14] - User admin login
2019-08-05 13:55:57,808 SECURITY  [Thread-15] - User vasya.pupkin login
2019-08-05 13:56:42,278 SECURITY  [Thread-16] - User vasya.pupkin login
2019-08-05 13:57:34,401 SECURITY  [Thread-17] - User vasya.pupkin login
2019-08-05 13:59:02,861 SECURITY  [Thread-18] - User vasya.pupkin login
2019-08-05 13:59:38,717 SECURITY  [Thread-19] - User vasya.pupkin login
2019-08-05 14:00:24,393 SECURITY  [Thread-20] - User vasya.pupkin login
2019-08-06 09:33:25,928 DEBUG  [main] - Server is running!
2019-08-06 09:33:35,165 SECURITY  [Thread-2] - User alexander.filippov login
2019-08-06 09:35:45,495 SECURITY  [Thread-3] - User alexander.filippov login
2019-08-06 09:36:38,625 SECURITY  [Thread-4] - User vasya.pupkin login
2019-08-06 09:40:26,379 SECURITY  [Thread-5] - User alexander.filippov login
2019-08-06 09:40:38,190 SECURITY  [Thread-6] - User vasya.pupkin login
2019-08-06 09:42:44,436 DEBUG  [main] - Server is running!
2019-08-06 09:42:48,202 SECURITY  [Thread-2] - User alexander.bush login
2019-08-06 09:50:07,650 DEBUG  [main] - Server is running!
2019-08-06 09:50:13,822 SECURITY  [Thread-2] - User alexander.filippov login
2019-08-14 10:57:29,043 DEBUG  [main] - Server is running!
2019-08-14 10:57:48,956 SECURITY  [Thread-2] - User dmitriy.suslennikov login
2019-08-14 11:17:24,665 SECURITY  [Thread-4] - User dmitriy.suslennikov login
2019-08-14 11:18:02,318 SECURITY  [Thread-5] - User dmitriy.suslennikov login
2019-08-14 11:22:15,090 SECURITY  [Thread-6] - User vasya.pupkin login
2019-08-14 11:23:30,889 SECURITY  [Thread-7] - User vasya.pupkin login
2019-08-14 11:39:16,065 SECURITY  [Thread-8] - User alexander.bush login
2019-08-14 11:40:33,840 DEBUG  [main] - Server is running!
2019-08-14 11:42:13,194 SECURITY  [Thread-2] - User vasya.pupkin login
2019-08-14 11:45:36,470 SECURITY  [Thread-3] - User vasya.pupkin login
2019-08-14 11:47:28,750 SECURITY  [Thread-4] - User vasya.pupkin login
2019-08-14 11:49:20,836 SECURITY  [Thread-5] - User vasya.pupkin login
2019-08-14 15:16:49,137 DEBUG  [main] - Server is running!
2019-08-14 15:17:03,993 SECURITY  [Thread-2] - User dmitriy.suslennikov login
2019-08-14 15:19:54,929 SECURITY  [Thread-3] - User vasya.pupkin login
2019-08-14 15:27:45,334 DEBUG  [main] - Server is running!
2019-08-14 15:27:59,329 DEBUG  [main] - Server is running!
2019-08-14 15:28:04,589 SECURITY  [Thread-2] - User vasya.pupkin login
2019-08-14 15:51:39,025 DEBUG  [main] - Server is running!
2019-08-14 15:51:45,362 SECURITY  [Thread-2] - User vasya.pupkin login
2019-08-14 15:54:25,710 DEBUG  [main] - Server is running!
2019-08-14 15:54:32,196 SECURITY  [Thread-2] - User dmitriy.suslennikov login
2019-08-14 16:23:52,542 DEBUG  [main] - Server is running!
2019-08-14 16:24:09,106 SECURITY  [Thread-2] - User dmitriy.suslennikov login
2019-08-14 16:58:32,433 DEBUG  [main] - Server is running!
2019-08-14 16:58:47,755 SECURITY  [Thread-2] - User dmitriy.suslennikov login
2019-08-15 11:25:13,630 DEBUG  [main] - Server is running!
2019-08-15 11:29:11,322 DEBUG  [main] - Server is running!
2019-08-15 12:32:38,338 DEBUG  [main] - Server is running!
2019-08-15 12:32:47,808 SECURITY  [Thread-2] - User admin login
2019-08-15 12:49:46,334 DEBUG  [main] - Server is running!
2019-08-15 12:49:52,063 SECURITY  [Thread-2] - User admin login
2019-08-15 12:50:32,128 DEBUG  [main] - Server is running!
2019-08-15 12:50:57,875 SECURITY  [Thread-2] - User admin login
2019-08-15 12:54:54,817 DEBUG  [main] - Server is running!
2019-08-15 12:55:01,397 SECURITY  [Thread-2] - User admin login
2019-08-15 12:56:01,048 SECURITY  [Thread-3] - User admin login
2019-08-15 13:08:48,532 DEBUG  [main] - Server is running!
2019-08-15 13:08:53,608 SECURITY  [Thread-2] - User admin login
2019-08-15 13:09:47,854 SECURITY  [Thread-3] - User admin login
2019-08-15 13:19:39,840 DEBUG  [main] - Server is running!
2019-08-15 13:19:43,375 SECURITY  [Thread-2] - User admin login
2019-08-15 13:22:56,604 SECURITY  [Thread-3] - User admin login
2019-08-15 13:23:03,989 SECURITY  [Thread-4] - User admin login
2019-08-15 13:23:36,295 DEBUG  [main] - Server is running!
2019-08-15 13:23:41,588 SECURITY  [Thread-2] - User admin login
2019-08-15 13:39:23,269 SECURITY  [Thread-3] - User admin login
2019-08-15 13:40:43,097 SECURITY  [Thread-4] - User admin login
2019-08-15 13:45:52,513 DEBUG  [main] - Server is running!
2019-08-15 13:45:56,279 SECURITY  [Thread-2] - User admin login
2019-08-15 13:56:52,635 DEBUG  [main] - Server is running!
2019-08-15 13:56:58,298 SECURITY  [Thread-2] - User admin login
2019-08-15 14:05:06,034 DEBUG  [main] - Server is running!
2019-08-15 14:08:53,835 SECURITY  [Thread-2] - User admin login
2019-08-15 14:10:56,199 SECURITY  [Thread-3] - User admin login
2019-08-15 14:24:47,678 DEBUG  [main] - Server is running!
2019-08-15 14:24:55,005 SECURITY  [Thread-2] - User admin login
2019-08-15 14:25:20,164 SECURITY  [Thread-3] - User admin login
2019-08-15 14:25:36,464 SECURITY  [Thread-4] - User admin login
2019-08-15 14:31:03,915 SECURITY  [Thread-5] - User admin login
2019-08-15 14:53:33,599 SECURITY  [Thread-6] - User admin login
2019-08-15 14:53:51,101 SECURITY  [Thread-7] - User admin login
2019-08-15 14:54:14,746 SECURITY  [Thread-8] - User admin login
2019-08-15 14:56:35,724 SECURITY  [Thread-9] - User admin login
2019-08-15 14:57:23,090 DEBUG  [main] - Server is running!
2019-08-15 14:58:32,826 SECURITY  [Thread-2] - User admin login
2019-08-15 15:04:42,498 DEBUG  [main] - Server is running!
2019-08-15 15:04:48,448 SECURITY  [Thread-2] - User admin login
2019-08-15 15:15:33,639 DEBUG  [main] - Server is running!
2019-08-15 15:15:38,751 SECURITY  [Thread-2] - User admin login
2019-08-15 15:18:34,002 SECURITY  [Thread-3] - User admin login
2019-08-15 15:26:25,301 DEBUG  [main] - Server is running!
2019-08-15 15:26:31,306 SECURITY  [Thread-2] - User admin login
2019-08-15 15:27:34,623 SECURITY  [Thread-3] - User admin login
2019-08-15 15:28:07,871 SECURITY  [Thread-4] - User admin login
2019-08-15 15:28:43,339 SECURITY  [Thread-6] - User admin login
2019-08-15 15:29:32,611 DEBUG  [main] - Server is running!
2019-08-15 15:29:40,471 SECURITY  [Thread-2] - User admin login
2019-08-15 15:43:10,207 DEBUG  [main] - Server is running!
2019-08-15 15:43:15,349 SECURITY  [Thread-2] - User admin login
2019-08-15 15:47:07,779 SECURITY  [Thread-3] - User admin login
2019-08-16 11:07:11,943 DEBUG  [main] - Server is running!
2019-08-16 11:07:24,134 SECURITY  [Thread-2] - User admin login
2019-08-16 11:14:42,081 SECURITY  [Thread-3] - User admin login
2019-08-16 11:15:13,331 INFO  [Thread-3] - User admin: Load pallet. Rack2 C2 13899345-002
2019-08-16 14:00:52,742 SECURITY  [Thread-4] - User admin login
2019-08-16 14:01:55,965 SECURITY  [Thread-5] - User admin login
2019-08-16 14:03:19,803 SECURITY  [Thread-6] - User admin login
2019-08-16 15:13:03,685 SECURITY  [Thread-7] - User admin login
2019-08-16 16:49:08,680 DEBUG  [main] - Server is running!
2019-08-16 16:49:16,324 SECURITY  [Thread-2] - User admin login
2019-08-16 16:51:08,754 DEBUG  [main] - Server is running!
2019-08-16 16:51:11,933 SECURITY  [Thread-2] - User admin login
2019-08-16 16:51:44,938 DEBUG  [main] - Server is running!
2019-08-16 16:52:14,979 SECURITY  [Thread-2] - User admin login
2019-08-16 18:33:21,221 DEBUG  [main] - Server is running!
2019-08-16 18:33:30,031 DEBUG  [main] - Server is running!
2019-08-16 18:35:20,223 SECURITY  [Thread-2] - User admin login
2019-08-19 14:35:06,857 DEBUG  [main] - Server is running!
2019-08-19 14:35:12,071 SECURITY  [Thread-2] - User admin login
2019-08-19 15:01:18,066 DEBUG  [main] - Server is running!
2019-08-19 15:01:25,724 SECURITY  [Thread-2] - User admin login
2019-08-19 15:02:36,463 SECURITY  [Thread-3] - User admin login
2019-08-19 15:03:35,211 SECURITY  [Thread-4] - User admin login
2019-08-19 15:12:27,096 DEBUG  [main] - Server is running!
2019-08-19 15:13:55,322 SECURITY  [Thread-2] - User admin login
